-- The C compiler identification is GNU 9.4.0
-- The CXX compiler identification is GNU 9.4.0
-- Detecting C compiler ABI info
-- Detecting C compiler ABI info - done
-- Check for working C compiler: /usr/bin/cc - skipped
-- Detecting C compile features
-- Detecting C compile features - done
-- Detecting CXX compiler ABI info
-- Detecting CXX compiler ABI info - done
-- Check for working CXX compiler: /usr/bin/c++ - skipped
-- Detecting CXX compile features
-- Detecting CXX compile features - done
-- Found ament_cmake: 1.1.6 (/opt/ros/galactic/share/ament_cmake/cmake)
[33mCMake Warning (dev) at /opt/ros/galactic/share/ament_cmake_core/cmake/core/python.cmake:22 (find_package):
  Policy CMP0148 is not set: The FindPythonInterp and FindPythonLibs modules
  are removed.  Run "cmake --help-policy CMP0148" for policy details.  Use
  the cmake_policy command to set the policy and suppress this warning.

Call Stack (most recent call first):
  /opt/ros/galactic/share/ament_cmake_core/cmake/core/all.cmake:53 (include)
  /opt/ros/galactic/share/ament_cmake_core/cmake/ament_cmake_core-extras.cmake:17 (include)
  /opt/ros/galactic/share/ament_cmake_core/cmake/ament_cmake_coreConfig.cmake:41 (include)
  /opt/ros/galactic/share/ament_cmake/cmake/ament_cmake_export_dependencies-extras.cmake:15 (find_package)
  /opt/ros/galactic/share/ament_cmake/cmake/ament_cmakeConfig.cmake:41 (include)
  CMakeLists.txt:9 (find_package)
This warning is for project developers.  Use -Wno-dev to suppress it.
[0m
-- Found PythonInterp: /usr/bin/python3 (found suitable version "3.8.10", minimum required is "3")
-- Using PYTHON_EXECUTABLE: /usr/bin/python3
-- Override CMake install command with custom implementation using symlinks instead of copying resources
-- Found rclcpp: 9.2.2 (/opt/ros/galactic/share/rclcpp/cmake)
-- Using all available rosidl_typesupport_c: rosidl_typesupport_fastrtps_c;rosidl_typesupport_introspection_c
-- Found rosidl_adapter: 2.2.3 (/opt/ros/galactic/share/rosidl_adapter/cmake)
-- Found OpenSSL: /usr/lib/x86_64-linux-gnu/libcrypto.so (found version "1.1.1f")
-- Found FastRTPS: /opt/ros/galactic/include
-- Using all available rosidl_typesupport_cpp: rosidl_typesupport_fastrtps_cpp;rosidl_typesupport_introspection_cpp
-- Found rmw_implementation_cmake: 3.3.1 (/opt/ros/galactic/share/rmw_implementation_cmake/cmake)
-- Found rmw_cyclonedds_cpp: 0.22.6 (/opt/ros/galactic/share/rmw_cyclonedds_cpp/cmake)
-- Using RMW implementation 'rmw_cyclonedds_cpp' as default
-- Performing Test CMAKE_HAVE_LIBC_PTHREAD
-- Performing Test CMAKE_HAVE_LIBC_PTHREAD - Failed
-- Looking for pthread_create in pthreads
-- Looking for pthread_create in pthreads - not found
-- Looking for pthread_create in pthread
-- Looking for pthread_create in pthread - found
-- Found Threads: TRUE
-- Found rclpy: 1.9.3 (/opt/ros/galactic/share/rclpy/cmake)
-- Found gazebo_ros: 3.5.2 (/opt/ros/galactic/share/gazebo_ros/cmake)
[33mCMake Warning (dev) at /home/leoo/.local/lib/python3.8/site-packages/cmake/data/share/cmake-3.30/Modules/FindPackageHandleStandardArgs.cmake:441 (message):
  The package name passed to `find_package_handle_standard_args` (PkgConfig)
  does not match the name of the calling package (gazebo).  This can lead to
  problems in calling code that expects `find_package` result variables
  (e.g., `_FOUND`) to follow a certain pattern.
Call Stack (most recent call first):
  /home/leoo/.local/lib/python3.8/site-packages/cmake/data/share/cmake-3.30/Modules/FindPkgConfig.cmake:114 (find_package_handle_standard_args)
  /usr/lib/x86_64-linux-gnu/cmake/gazebo/gazebo-config.cmake:72 (include)
  /opt/ros/galactic/share/gazebo_dev/cmake/gazebo_dev-extras.cmake:2 (find_package)
  /opt/ros/galactic/share/gazebo_dev/cmake/gazebo_devConfig.cmake:41 (include)
  /opt/ros/galactic/share/gazebo_ros/cmake/ament_cmake_export_dependencies-extras.cmake:21 (find_package)
  /opt/ros/galactic/share/gazebo_ros/cmake/gazebo_rosConfig.cmake:41 (include)
  CMakeLists.txt:13 (find_package)
This warning is for project developers.  Use -Wno-dev to suppress it.
[0m
-- Found PkgConfig: /usr/bin/pkg-config (found version "0.29.1")
-- Checking for module 'bullet>=2.82'
--   Found bullet, version 2.88
-- Found ccd: /usr/include (found suitable version "2.0", minimum required is "2.0")
-- Found fcl: /usr/include (found suitable version "0.5.0", minimum required is "0.3.2")
-- Found assimp: /usr/include (found version "5.0.0")
[33mCMake Warning (dev) at /usr/share/dart/cmake/DARTFindBoost.cmake:24 (find_package):
  Policy CMP0167 is not set: The FindBoost module is removed.  Run "cmake
  --help-policy CMP0167" for policy details.  Use the cmake_policy command to
  set the policy and suppress this warning.

Call Stack (most recent call first):
  /usr/share/dart/cmake/dart_dartComponent.cmake:6 (include)
  /usr/share/dart/cmake/DARTConfig.cmake:63 (include)
  /usr/share/dart/cmake/DARTConfig.cmake:123 (dart_traverse_components)
  /usr/share/dart/cmake/DARTConfig.cmake:171 (dart_package_init)
  /usr/lib/x86_64-linux-gnu/cmake/gazebo/gazebo-config.cmake:166 (find_package)
  /opt/ros/galactic/share/gazebo_dev/cmake/gazebo_dev-extras.cmake:2 (find_package)
  /opt/ros/galactic/share/gazebo_dev/cmake/gazebo_devConfig.cmake:41 (include)
  /opt/ros/galactic/share/gazebo_ros/cmake/ament_cmake_export_dependencies-extras.cmake:21 (find_package)
  /opt/ros/galactic/share/gazebo_ros/cmake/gazebo_rosConfig.cmake:41 (include)
  CMakeLists.txt:13 (find_package)
This warning is for project developers.  Use -Wno-dev to suppress it.
[0m
-- Found DART: /usr/include (Required is at least version "6.6") found components: dart
[33mCMake Warning (dev) at /usr/lib/x86_64-linux-gnu/cmake/gazebo/gazebo-config.cmake:197 (find_package):
  Policy CMP0167 is not set: The FindBoost module is removed.  Run "cmake
  --help-policy CMP0167" for policy details.  Use the cmake_policy command to
  set the policy and suppress this warning.

Call Stack (most recent call first):
  /opt/ros/galactic/share/gazebo_dev/cmake/gazebo_dev-extras.cmake:2 (find_package)
  /opt/ros/galactic/share/gazebo_dev/cmake/gazebo_devConfig.cmake:41 (include)
  /opt/ros/galactic/share/gazebo_ros/cmake/ament_cmake_export_dependencies-extras.cmake:21 (find_package)
  /opt/ros/galactic/share/gazebo_ros/cmake/gazebo_rosConfig.cmake:41 (include)
  CMakeLists.txt:13 (find_package)
This warning is for project developers.  Use -Wno-dev to suppress it.
[0m
-- Found Boost: /usr/lib/x86_64-linux-gnu/cmake/Boost-1.71.0/BoostConfig.cmake (found suitable version "1.71.0", minimum required is "1.40.0") found components: thread system filesystem program_options regex iostreams date_time
-- Found Protobuf: /usr/lib/x86_64-linux-gnu/libprotobuf.so;-lpthread (found version "3.6.1")
-- Looking for ignition-math6 -- found version 6.15.1
-- Searching for dependencies of ignition-math6
-- Looking for OGRE...
-- OGRE_PREFIX_WATCH changed.
-- Checking for module 'OGRE'
--   Found OGRE, version 1.9.0
-- Found Ogre Ghadamon (1.9.0)
-- Found OGRE: optimized;/usr/lib/x86_64-linux-gnu/libOgreMain.so;debug;/usr/lib/x86_64-linux-gnu/libOgreMain.so
[33mCMake Warning (dev) at /usr/share/OGRE/cmake/modules/FindOGRE.cmake:309 (find_package):
  Policy CMP0167 is not set: The FindBoost module is removed.  Run "cmake
  --help-policy CMP0167" for policy details.  Use the cmake_policy command to
  set the policy and suppress this warning.

Call Stack (most recent call first):
  /usr/lib/x86_64-linux-gnu/cmake/gazebo/gazebo-config.cmake:213 (find_package)
  /opt/ros/galactic/share/gazebo_dev/cmake/gazebo_dev-extras.cmake:2 (find_package)
  /opt/ros/galactic/share/gazebo_dev/cmake/gazebo_devConfig.cmake:41 (include)
  /opt/ros/galactic/share/gazebo_ros/cmake/ament_cmake_export_dependencies-extras.cmake:21 (find_package)
  /opt/ros/galactic/share/gazebo_ros/cmake/gazebo_rosConfig.cmake:41 (include)
  CMakeLists.txt:13 (find_package)
This warning is for project developers.  Use -Wno-dev to suppress it.
[0m
[33mCMake Warning (dev) at /usr/share/OGRE/cmake/modules/FindOGRE.cmake:318 (find_package):
  Policy CMP0167 is not set: The FindBoost module is removed.  Run "cmake
  --help-policy CMP0167" for policy details.  Use the cmake_policy command to
  set the policy and suppress this warning.

Call Stack (most recent call first):
  /usr/lib/x86_64-linux-gnu/cmake/gazebo/gazebo-config.cmake:213 (find_package)
  /opt/ros/galactic/share/gazebo_dev/cmake/gazebo_dev-extras.cmake:2 (find_package)
  /opt/ros/galactic/share/gazebo_dev/cmake/gazebo_devConfig.cmake:41 (include)
  /opt/ros/galactic/share/gazebo_ros/cmake/ament_cmake_export_dependencies-extras.cmake:21 (find_package)
  /opt/ros/galactic/share/gazebo_ros/cmake/gazebo_rosConfig.cmake:41 (include)
  CMakeLists.txt:13 (find_package)
This warning is for project developers.  Use -Wno-dev to suppress it.
[0m
-- Looking for OGRE_Paging...
-- Found OGRE_Paging: optimized;/usr/lib/x86_64-linux-gnu/libOgrePaging.so;debug;/usr/lib/x86_64-linux-gnu/libOgrePaging.so
-- Looking for OGRE_Terrain...
-- Found OGRE_Terrain: optimized;/usr/lib/x86_64-linux-gnu/libOgreTerrain.so;debug;/usr/lib/x86_64-linux-gnu/libOgreTerrain.so
-- Looking for OGRE_Property...
-- Found OGRE_Property: optimized;/usr/lib/x86_64-linux-gnu/libOgreProperty.so;debug;/usr/lib/x86_64-linux-gnu/libOgreProperty.so
-- Looking for OGRE_RTShaderSystem...
-- Found OGRE_RTShaderSystem: optimized;/usr/lib/x86_64-linux-gnu/libOgreRTShaderSystem.so;debug;/usr/lib/x86_64-linux-gnu/libOgreRTShaderSystem.so
-- Looking for OGRE_Volume...
-- Found OGRE_Volume: optimized;/usr/lib/x86_64-linux-gnu/libOgreVolume.so;debug;/usr/lib/x86_64-linux-gnu/libOgreVolume.so
-- Looking for OGRE_Overlay...
-- Found OGRE_Overlay: optimized;/usr/lib/x86_64-linux-gnu/libOgreOverlay.so;debug;/usr/lib/x86_64-linux-gnu/libOgreOverlay.so
-- Looking for ignition-math6 -- found version 6.15.1
-- Looking for ignition-transport8 -- found version 8.3.0
-- Searching for dependencies of ignition-transport8
-- Found Protobuf: /usr/lib/x86_64-linux-gnu/libprotobuf.so;-lpthread (found suitable version "3.6.1", minimum required is "3")
-- Config-file not installed for ZeroMQ -- checking for pkg-config
-- Checking for module 'libzmq >= 4'
--   Found libzmq, version 4.3.2
-- Found ZeroMQ: TRUE (Required is at least version "4")
-- Checking for module 'uuid'
--   Found uuid, version 2.34.0
-- Found UUID: TRUE
-- Looking for ignition-msgs5 -- found version 5.10.0
-- Searching for dependencies of ignition-msgs5
-- Looking for ignition-math6 -- found version 6.15.1
-- Checking for module 'tinyxml2'
--   Found tinyxml2, version 6.2.0
-- Looking for ignition-msgs5 -- found version 5.10.0
-- Looking for ignition-common3 -- found version 3.14.2
-- Searching for dependencies of ignition-common3
-- Looking for dlfcn.h - found
-- Looking for libdl - found
-- Found DL: TRUE
-- Searching for <ignition-common3> component [graphics]
-- Looking for ignition-common3-graphics -- found version 3.14.2
-- Searching for dependencies of ignition-common3-graphics
-- Looking for ignition-math6 -- found version 6.15.1
-- Looking for ignition-fuel_tools4 -- found version 4.6.0
-- Searching for dependencies of ignition-fuel_tools4
-- Found CURL: /usr/lib/x86_64-linux-gnu/libcurl.so (found version "7.68.0")
-- Checking for module 'jsoncpp'
--   Found jsoncpp, version 1.7.4
-- Found JSONCPP: TRUE
-- Checking for module 'libzip'
--   Found libzip, version 1.5.1
-- Found ZIP: TRUE
-- Looking for ignition-common3 -- found version 3.14.2
-- Looking for ignition-math6 -- found version 6.15.1
-- Looking for ignition-msgs5 -- found version 5.10.0
-- Gazebo version: 11.11
-- Found sensor_msgs: 2.2.4 (/opt/ros/galactic/share/sensor_msgs/cmake)
-- Found cv_bridge: 3.1.3 (/opt/ros/galactic/share/cv_bridge/cmake)
-- Configuring done (3.5s)
-- Generating done (0.0s)
-- Build files have been written to: /home/leoo/Documents/GitHub/ROS_2_TurtleBot_perception_project/enpm673_final_proj/build/enpm673_final_proj
[ 50%] [32mBuilding CXX object CMakeFiles/cpp_enpm673_final_proj.dir/src/enpm673_final_proj.cpp.o[0m
[ 50%] [32mBuilding CXX object CMakeFiles/animated_box.dir/src/animated_box.cpp.o[0m
[ 50%] Built target ament_cmake_python_symlink_enpm673_module
[ 75%] [32m[1mLinking CXX executable cpp_enpm673_final_proj[0m
[ 75%] Built target cpp_enpm673_final_proj
running egg_info
creating enpm673_module.egg-info
writing enpm673_module.egg-info/PKG-INFO
writing dependency_links to enpm673_module.egg-info/dependency_links.txt
writing top-level names to enpm673_module.egg-info/top_level.txt
writing manifest file 'enpm673_module.egg-info/SOURCES.txt'
reading manifest file 'enpm673_module.egg-info/SOURCES.txt'
writing manifest file 'enpm673_module.egg-info/SOURCES.txt'
[ 75%] Built target ament_cmake_python_build_enpm673_module_egg
In file included from [01m[K/usr/include/ignition/math6/gz/math/Box.hh:23[m[K,
                 from [01m[K/usr/include/ignition/math6/gz/math.hh:30[m[K,
                 from [01m[K/usr/include/ignition/math6/ignition/math.hh:18[m[K,
                 from [01m[K/usr/include/sdformat-9.8/sdf/Param.hh:33[m[K,
                 from [01m[K/usr/include/sdformat-9.8/sdf/Element.hh:28[m[K,
                 from [01m[K/usr/include/sdformat-9.8/sdf/Actor.hh:25[m[K,
                 from [01m[K/usr/include/sdformat-9.8/sdf/sdf.hh:2[m[K,
                 from [01m[K/usr/include/gazebo-11/gazebo/common/Battery.hh:25[m[K,
                 from [01m[K/usr/include/gazebo-11/gazebo/common/common.hh:8[m[K,
                 from [01m[K/usr/include/gazebo-11/gazebo/gazebo_core.hh:19[m[K,
                 from [01m[K/usr/include/gazebo-11/gazebo/gazebo.hh:20[m[K,
                 from [01m[K/home/leoo/Documents/GitHub/ROS_2_TurtleBot_perception_project/enpm673_final_proj/src/animated_box.cpp:22[m[K:
[01m[K/usr/include/ignition/math6/gz/math/Plane.hh:133:20:[m[K [01;31m[Kerror: [m[Kâ€˜[01m[Koptional[m[Kâ€™ in namespace â€˜[01m[Kstd[m[Kâ€™ does not name a template type
  133 |       public: std::[01;31m[Koptional[m[K<Vector3<T>> Intersection(
      |                    [01;31m[K^~~~~~~~[m[K
[01m[K/usr/include/ignition/math6/gz/math/Plane.hh:133:15:[m[K [01;36m[Knote: [m[Kâ€˜[01m[Kstd::optional[m[Kâ€™ is only available from C++17 onwards
  133 |       public: [01;36m[Kstd[m[K::optional<Vector3<T>> Intersection(
      |               [01;36m[K^~~[m[K
In file included from [01m[K/usr/include/ignition/math6/gz/math.hh:30[m[K,
                 from [01m[K/usr/include/ignition/math6/ignition/math.hh:18[m[K,
                 from [01m[K/usr/include/sdformat-9.8/sdf/Param.hh:33[m[K,
                 from [01m[K/usr/include/sdformat-9.8/sdf/Element.hh:28[m[K,
                 from [01m[K/usr/include/sdformat-9.8/sdf/Actor.hh:25[m[K,
                 from [01m[K/usr/include/sdformat-9.8/sdf/sdf.hh:2[m[K,
                 from [01m[K/usr/include/gazebo-11/gazebo/common/Battery.hh:25[m[K,
                 from [01m[K/usr/include/gazebo-11/gazebo/common/common.hh:8[m[K,
                 from [01m[K/usr/include/gazebo-11/gazebo/gazebo_core.hh:19[m[K,
                 from [01m[K/usr/include/gazebo-11/gazebo/gazebo.hh:20[m[K,
                 from [01m[K/home/leoo/Documents/GitHub/ROS_2_TurtleBot_perception_project/enpm673_final_proj/src/animated_box.cpp:22[m[K:
[01m[K/usr/include/ignition/math6/gz/math/Box.hh:151:20:[m[K [01;31m[Kerror: [m[Kâ€˜[01m[Koptional[m[Kâ€™ in namespace â€˜[01m[Kstd[m[Kâ€™ does not name a template type
  151 |       public: std::[01;31m[Koptional[m[K<Vector3<Precision>>
      |                    [01;31m[K^~~~~~~~[m[K
[01m[K/usr/include/ignition/math6/gz/math/Box.hh:151:15:[m[K [01;36m[Knote: [m[Kâ€˜[01m[Kstd::optional[m[Kâ€™ is only available from C++17 onwards
  151 |       public: [01;36m[Kstd[m[K::optional<Vector3<Precision>>
      |               [01;36m[K^~~[m[K
In file included from [01m[K/usr/include/ignition/math6/gz/math/Box.hh:224[m[K,
                 from [01m[K/usr/include/ignition/math6/gz/math.hh:30[m[K,
                 from [01m[K/usr/include/ignition/math6/ignition/math.hh:18[m[K,
                 from [01m[K/usr/include/sdformat-9.8/sdf/Param.hh:33[m[K,
                 from [01m[K/usr/include/sdformat-9.8/sdf/Element.hh:28[m[K,
                 from [01m[K/usr/include/sdformat-9.8/sdf/Actor.hh:25[m[K,
                 from [01m[K/usr/include/sdformat-9.8/sdf/sdf.hh:2[m[K,
                 from [01m[K/usr/include/gazebo-11/gazebo/common/Battery.hh:25[m[K,
                 from [01m[K/usr/include/gazebo-11/gazebo/common/common.hh:8[m[K,
                 from [01m[K/usr/include/gazebo-11/gazebo/gazebo_core.hh:19[m[K,
                 from [01m[K/usr/include/gazebo-11/gazebo/gazebo.hh:20[m[K,
                 from [01m[K/home/leoo/Documents/GitHub/ROS_2_TurtleBot_perception_project/enpm673_final_proj/src/animated_box.cpp:22[m[K:
[01m[K/usr/include/ignition/math6/gz/math/detail/Box.hh:237:6:[m[K [01;31m[Kerror: [m[Kâ€˜[01m[Koptional[m[Kâ€™ in namespace â€˜[01m[Kstd[m[Kâ€™ does not name a template type
  237 | std::[01;31m[Koptional[m[K<Vector3<T>>
      |      [01;31m[K^~~~~~~~[m[K
[01m[K/usr/include/ignition/math6/gz/math/detail/Box.hh:237:1:[m[K [01;36m[Knote: [m[Kâ€˜[01m[Kstd::optional[m[Kâ€™ is only available from C++17 onwards
  237 | [01;36m[Kstd[m[K::optional<Vector3<T>>
      | [01;36m[K^~~[m[K
In file included from [01m[K/usr/include/ignition/math6/gz/math.hh:31[m[K,
                 from [01m[K/usr/include/ignition/math6/ignition/math.hh:18[m[K,
                 from [01m[K/usr/include/sdformat-9.8/sdf/Param.hh:33[m[K,
                 from [01m[K/usr/include/sdformat-9.8/sdf/Element.hh:28[m[K,
                 from [01m[K/usr/include/sdformat-9.8/sdf/Actor.hh:25[m[K,
                 from [01m[K/usr/include/sdformat-9.8/sdf/sdf.hh:2[m[K,
                 from [01m[K/usr/include/gazebo-11/gazebo/common/Battery.hh:25[m[K,
                 from [01m[K/usr/include/gazebo-11/gazebo/common/common.hh:8[m[K,
                 from [01m[K/usr/include/gazebo-11/gazebo/gazebo_core.hh:19[m[K,
                 from [01m[K/usr/include/gazebo-11/gazebo/gazebo.hh:20[m[K,
                 from [01m[K/home/leoo/Documents/GitHub/ROS_2_TurtleBot_perception_project/enpm673_final_proj/src/animated_box.cpp:22[m[K:
[01m[K/usr/include/ignition/math6/gz/math/Capsule.hh:91:20:[m[K [01;31m[Kerror: [m[Kâ€˜[01m[Koptional[m[Kâ€™ in namespace â€˜[01m[Kstd[m[Kâ€™ does not name a template type
   91 |       public: std::[01;31m[Koptional[m[K< MassMatrix3<Precision> > MassMatrix() const;
      |                    [01;31m[K^~~~~~~~[m[K
[01m[K/usr/include/ignition/math6/gz/math/Capsule.hh:91:15:[m[K [01;36m[Knote: [m[Kâ€˜[01m[Kstd::optional[m[Kâ€™ is only available from C++17 onwards
   91 |       public: [01;36m[Kstd[m[K::optional< MassMatrix3<Precision> > MassMatrix() const;
      |               [01;36m[K^~~[m[K
In file included from [01m[K/usr/include/ignition/math6/gz/math/Capsule.hh:149[m[K,
                 from [01m[K/usr/include/ignition/math6/gz/math.hh:31[m[K,
                 from [01m[K/usr/include/ignition/math6/ignition/math.hh:18[m[K,
                 from [01m[K/usr/include/sdformat-9.8/sdf/Param.hh:33[m[K,
                 from [01m[K/usr/include/sdformat-9.8/sdf/Element.hh:28[m[K,
                 from [01m[K/usr/include/sdformat-9.8/sdf/Actor.hh:25[m[K,
                 from [01m[K/usr/include/sdformat-9.8/sdf/sdf.hh:2[m[K,
                 from [01m[K/usr/include/gazebo-11/gazebo/common/Battery.hh:25[m[K,
                 from [01m[K/usr/include/gazebo-11/gazebo/common/common.hh:8[m[K,
                 from [01m[K/usr/include/gazebo-11/gazebo/gazebo_core.hh:19[m[K,
                 from [01m[K/usr/include/gazebo-11/gazebo/gazebo.hh:20[m[K,
                 from [01m[K/home/leoo/Documents/GitHub/ROS_2_TurtleBot_perception_project/enpm673_final_proj/src/animated_box.cpp:22[m[K:
[01m[K/usr/include/ignition/math6/gz/math/detail/Capsule.hh:100:6:[m[K [01;31m[Kerror: [m[Kâ€˜[01m[Koptional[m[Kâ€™ in namespace â€˜[01m[Kstd[m[Kâ€™ does not name a template type
  100 | std::[01;31m[Koptional[m[K< MassMatrix3<T> > Capsule<T>::MassMatrix() const
      |      [01;31m[K^~~~~~~~[m[K
[01m[K/usr/include/ignition/math6/gz/math/detail/Capsule.hh:100:1:[m[K [01;36m[Knote: [m[Kâ€˜[01m[Kstd::optional[m[Kâ€™ is only available from C++17 onwards
  100 | [01;36m[Kstd[m[K::optional< MassMatrix3<T> > Capsule<T>::MassMatrix() const
      | [01;36m[K^~~[m[K
In file included from [01m[K/usr/include/ignition/math6/gz/math.hh:35[m[K,
                 from [01m[K/usr/include/ignition/math6/ignition/math.hh:18[m[K,
                 from [01m[K/usr/include/sdformat-9.8/sdf/Param.hh:33[m[K,
                 from [01m[K/usr/include/sdformat-9.8/sdf/Element.hh:28[m[K,
                 from [01m[K/usr/include/sdformat-9.8/sdf/Actor.hh:25[m[K,
                 from [01m[K/usr/include/sdformat-9.8/sdf/sdf.hh:2[m[K,
                 from [01m[K/usr/include/gazebo-11/gazebo/common/Battery.hh:25[m[K,
                 from [01m[K/usr/include/gazebo-11/gazebo/common/common.hh:8[m[K,
                 from [01m[K/usr/include/gazebo-11/gazebo/gazebo_core.hh:19[m[K,
                 from [01m[K/usr/include/gazebo-11/gazebo/gazebo.hh:20[m[K,
                 from [01m[K/home/leoo/Documents/GitHub/ROS_2_TurtleBot_perception_project/enpm673_final_proj/src/animated_box.cpp:22[m[K:
[01m[K/usr/include/ignition/math6/gz/math/Ellipsoid.hh:77:20:[m[K [01;31m[Kerror: [m[Kâ€˜[01m[Koptional[m[Kâ€™ in namespace â€˜[01m[Kstd[m[Kâ€™ does not name a template type
   77 |       public: std::[01;31m[Koptional[m[K< MassMatrix3<Precision> > MassMatrix() const;
      |                    [01;31m[K^~~~~~~~[m[K
[01m[K/usr/include/ignition/math6/gz/math/Ellipsoid.hh:77:15:[m[K [01;36m[Knote: [m[Kâ€˜[01m[Kstd::optional[m[Kâ€™ is only available from C++17 onwards
   77 |       public: [01;36m[Kstd[m[K::optional< MassMatrix3<Precision> > MassMatrix() const;
      |               [01;36m[K^~~[m[K
In file included from [01m[K/usr/include/ignition/math6/gz/math/Ellipsoid.hh:132[m[K,
                 from [01m[K/usr/include/ignition/math6/gz/math.hh:35[m[K,
                 from [01m[K/usr/include/ignition/math6/ignition/math.hh:18[m[K,
                 from [01m[K/usr/include/sdformat-9.8/sdf/Param.hh:33[m[K,
                 from [01m[K/usr/include/sdformat-9.8/sdf/Element.hh:28[m[K,
                 from [01m[K/usr/include/sdformat-9.8/sdf/Actor.hh:25[m[K,
                 from [01m[K/usr/include/sdformat-9.8/sdf/sdf.hh:2[m[K,
                 from [01m[K/usr/include/gazebo-11/gazebo/common/Battery.hh:25[m[K,
                 from [01m[K/usr/include/gazebo-11/gazebo/common/common.hh:8[m[K,
                 from [01m[K/usr/include/gazebo-11/gazebo/gazebo_core.hh:19[m[K,
                 from [01m[K/usr/include/gazebo-11/gazebo/gazebo.hh:20[m[K,
                 from [01m[K/home/leoo/Documents/GitHub/ROS_2_TurtleBot_perception_project/enpm673_final_proj/src/animated_box.cpp:22[m[K:
[01m[K/usr/include/ignition/math6/gz/math/detail/Ellipsoid.hh:77:6:[m[K [01;31m[Kerror: [m[Kâ€˜[01m[Koptional[m[Kâ€™ in namespace â€˜[01m[Kstd[m[Kâ€™ does not name a template type
   77 | std::[01;31m[Koptional[m[K< MassMatrix3<T> > Ellipsoid<T>::MassMatrix() const
      |      [01;31m[K^~~~~~~~[m[K
[01m[K/usr/include/ignition/math6/gz/math/detail/Ellipsoid.hh:77:1:[m[K [01;36m[Knote: [m[Kâ€˜[01m[Kstd::optional[m[Kâ€™ is only available from C++17 onwards
   77 | [01;36m[Kstd[m[K::optional< MassMatrix3<T> > Ellipsoid<T>::MassMatrix() const
      | [01;36m[K^~~[m[K
In file included from [01m[K/usr/include/ignition/math6/gz/math.hh:57[m[K,
                 from [01m[K/usr/include/ignition/math6/ignition/math.hh:18[m[K,
                 from [01m[K/usr/include/sdformat-9.8/sdf/Param.hh:33[m[K,
                 from [01m[K/usr/include/sdformat-9.8/sdf/Element.hh:28[m[K,
                 from [01m[K/usr/include/sdformat-9.8/sdf/Actor.hh:25[m[K,
                 from [01m[K/usr/include/sdformat-9.8/sdf/sdf.hh:2[m[K,
                 from [01m[K/usr/include/gazebo-11/gazebo/common/Battery.hh:25[m[K,
                 from [01m[K/usr/include/gazebo-11/gazebo/common/common.hh:8[m[K,
                 from [01m[K/usr/include/gazebo-11/gazebo/gazebo_core.hh:19[m[K,
                 from [01m[K/usr/include/gazebo-11/gazebo/gazebo.hh:20[m[K,
                 from [01m[K/home/leoo/Documents/GitHub/ROS_2_TurtleBot_perception_project/enpm673_final_proj/src/animated_box.cpp:22[m[K:
[01m[K/usr/include/ignition/math6/gz/math/Polynomial3.hh:[m[K In member function â€˜[01m[KT ignition::math::v6::Polynomial3<T>::Evaluate(const T&) const[m[Kâ€™:
[01m[K/usr/include/ignition/math6/gz/math/Polynomial3.hh:74:25:[m[K [01;35m[Kwarning: [m[Kcomma-separated list in using-declaration only available with â€˜[01m[K-std=c++17[m[Kâ€™ or â€˜[01m[K-std=gnu++17[m[Kâ€™
   74 |         using std::isnan[01;35m[K,[m[K std::isfinite;
      |                         [01;35m[K^[m[K
[01m[K/usr/include/ignition/math6/gz/math/Polynomial3.hh:81:25:[m[K [01;35m[Kwarning: [m[Kcomma-separated list in using-declaration only available with â€˜[01m[K-std=c++17[m[Kâ€™ or â€˜[01m[K-std=gnu++17[m[Kâ€™
   81 |           using std::abs[01;35m[K,[m[K std::copysign;
      |                         [01;35m[K^[m[K
[01m[K/usr/include/ignition/math6/gz/math/Polynomial3.hh:[m[K In member function â€˜[01m[KT ignition::math::v6::Polynomial3<T>::Minimum(const ignition::math::v6::Interval<T>&, T&) const[m[Kâ€™:
[01m[K/usr/include/ignition/math6/gz/math/Polynomial3.hh:141:23:[m[K [01;35m[Kwarning: [m[Kcomma-separated list in using-declaration only available with â€˜[01m[K-std=c++17[m[Kâ€™ or â€˜[01m[K-std=gnu++17[m[Kâ€™
  141 |         using std::abs[01;35m[K,[m[K std::sqrt;  // enable ADL
      |                       [01;35m[K^[m[K
In file included from [01m[K/usr/include/ignition/math6/gz/math.hh:67[m[K,
                 from [01m[K/usr/include/ignition/math6/ignition/math.hh:18[m[K,
                 from [01m[K/usr/include/sdformat-9.8/sdf/Param.hh:33[m[K,
                 from [01m[K/usr/include/sdformat-9.8/sdf/Element.hh:28[m[K,
                 from [01m[K/usr/include/sdformat-9.8/sdf/Actor.hh:25[m[K,
                 from [01m[K/usr/include/sdformat-9.8/sdf/sdf.hh:2[m[K,
                 from [01m[K/usr/include/gazebo-11/gazebo/common/Battery.hh:25[m[K,
                 from [01m[K/usr/include/gazebo-11/gazebo/common/common.hh:8[m[K,
                 from [01m[K/usr/include/gazebo-11/gazebo/gazebo_core.hh:19[m[K,
                 from [01m[K/usr/include/gazebo-11/gazebo/gazebo.hh:20[m[K,
                 from [01m[K/home/leoo/Documents/GitHub/ROS_2_TurtleBot_perception_project/enpm673_final_proj/src/animated_box.cpp:22[m[K:
[01m[K/usr/include/ignition/math6/gz/math/Sphere.hh:[m[K At global scope:
[01m[K/usr/include/ignition/math6/gz/math/Sphere.hh:109:20:[m[K [01;31m[Kerror: [m[Kâ€˜[01m[Koptional[m[Kâ€™ in namespace â€˜[01m[Kstd[m[Kâ€™ does not name a template type
  109 |       public: std::[01;31m[Koptional[m[K<Vector3<Precision>>
      |                    [01;31m[K^~~~~~~~[m[K
[01m[K/usr/include/ignition/math6/gz/math/Sphere.hh:109:15:[m[K [01;36m[Knote: [m[Kâ€˜[01m[Kstd::optional[m[Kâ€™ is only available from C++17 onwards
  109 |       public: [01;36m[Kstd[m[K::optional<Vector3<Precision>>
      |               [01;36m[K^~~[m[K
In file included from [01m[K/usr/include/ignition/math6/gz/math/Sphere.hh:157[m[K,
                 from [01m[K/usr/include/ignition/math6/gz/math.hh:67[m[K,
                 from [01m[K/usr/include/ignition/math6/ignition/math.hh:18[m[K,
                 from [01m[K/usr/include/sdformat-9.8/sdf/Param.hh:33[m[K,
                 from [01m[K/usr/include/sdformat-9.8/sdf/Element.hh:28[m[K,
                 from [01m[K/usr/include/sdformat-9.8/sdf/Actor.hh:25[m[K,
                 from [01m[K/usr/include/sdformat-9.8/sdf/sdf.hh:2[m[K,
                 from [01m[K/usr/include/gazebo-11/gazebo/common/Battery.hh:25[m[K,
                 from [01m[K/usr/include/gazebo-11/gazebo/common/common.hh:8[m[K,
                 from [01m[K/usr/include/gazebo-11/gazebo/gazebo_core.hh:19[m[K,
                 from [01m[K/usr/include/gazebo-11/gazebo/gazebo.hh:20[m[K,
                 from [01m[K/home/leoo/Documents/GitHub/ROS_2_TurtleBot_perception_project/enpm673_final_proj/src/animated_box.cpp:22[m[K:
[01m[K/usr/include/ignition/math6/gz/math/detail/Sphere.hh:123:6:[m[K [01;31m[Kerror: [m[Kâ€˜[01m[Koptional[m[Kâ€™ in namespace â€˜[01m[Kstd[m[Kâ€™ does not name a template type
  123 | std::[01;31m[Koptional[m[K<Vector3<T>>
      |      [01;31m[K^~~~~~~~[m[K
[01m[K/usr/include/ignition/math6/gz/math/detail/Sphere.hh:123:1:[m[K [01;36m[Knote: [m[Kâ€˜[01m[Kstd::optional[m[Kâ€™ is only available from C++17 onwards
  123 | [01;36m[Kstd[m[K::optional<Vector3<T>>
      | [01;36m[K^~~[m[K
In file included from [01m[K/usr/include/sdformat-9.8/sdf/Element.hh:28[m[K,
                 from [01m[K/usr/include/sdformat-9.8/sdf/Actor.hh:25[m[K,
                 from [01m[K/usr/include/sdformat-9.8/sdf/sdf.hh:2[m[K,
                 from [01m[K/usr/include/gazebo-11/gazebo/common/Battery.hh:25[m[K,
                 from [01m[K/usr/include/gazebo-11/gazebo/common/common.hh:8[m[K,
                 from [01m[K/usr/include/gazebo-11/gazebo/gazebo_core.hh:19[m[K,
                 from [01m[K/usr/include/gazebo-11/gazebo/gazebo.hh:20[m[K,
                 from [01m[K/home/leoo/Documents/GitHub/ROS_2_TurtleBot_perception_project/enpm673_final_proj/src/animated_box.cpp:22[m[K:
[01m[K/usr/include/sdformat-9.8/sdf/Param.hh:72:57:[m[K [01;31m[Kerror: [m[Kexpected constructor, destructor, or type conversion before â€˜[01m[K;[m[Kâ€™ token
   72 |   template<class T> ParamStreamer(T) -> ParamStreamer<T>[01;31m[K;[m[K
      |                                                         [01;31m[K^[m[K
[01m[K/usr/include/sdformat-9.8/sdf/Param.hh:83:47:[m[K [01;31m[Kerror: [m[Kâ€˜[01m[Kvariant[m[Kâ€™ is not a member of â€˜[01m[Kstd[m[Kâ€™
   83 |                            ParamStreamer<std::[01;31m[Kvariant[m[K<Ts...>> sv)
      |                                               [01;31m[K^~~~~~~[m[K
[01m[K/usr/include/sdformat-9.8/sdf/Param.hh:83:47:[m[K [01;36m[Knote: [m[Kâ€˜[01m[Kstd::variant[m[Kâ€™ is only available from C++17 onwards
[01m[K/usr/include/sdformat-9.8/sdf/Param.hh:83:47:[m[K [01;31m[Kerror: [m[Kâ€˜[01m[Kvariant[m[Kâ€™ is not a member of â€˜[01m[Kstd[m[Kâ€™
[01m[K/usr/include/sdformat-9.8/sdf/Param.hh:83:47:[m[K [01;36m[Knote: [m[Kâ€˜[01m[Kstd::variant[m[Kâ€™ is only available from C++17 onwards
[01m[K/usr/include/sdformat-9.8/sdf/Param.hh:83:57:[m[K [01;31m[Kerror: [m[Kexpected parameter pack before â€˜[01m[K...[m[Kâ€™
   83 |                            ParamStreamer<std::variant<Ts[01;31m[K...[m[K>> sv)
      |                                                         [01;31m[K^~~[m[K
[01m[K/usr/include/sdformat-9.8/sdf/Param.hh:83:57:[m[K [01;31m[Kerror: [m[Ktemplate argument 1 is invalid
[01m[K/usr/include/sdformat-9.8/sdf/Param.hh:83:47:[m[K [01;31m[Kerror: [m[Kâ€˜[01m[Kvariant[m[Kâ€™ is not a member of â€˜[01m[Kstd[m[Kâ€™
   83 |                            ParamStreamer<std::[01;31m[Kvariant[m[K<Ts...>> sv)
      |                                               [01;31m[K^~~~~~~[m[K
[01m[K/usr/include/sdformat-9.8/sdf/Param.hh:83:47:[m[K [01;36m[Knote: [m[Kâ€˜[01m[Kstd::variant[m[Kâ€™ is only available from C++17 onwards
[01m[K/usr/include/sdformat-9.8/sdf/Param.hh:83:47:[m[K [01;31m[Kerror: [m[Kâ€˜[01m[Kvariant[m[Kâ€™ is not a member of â€˜[01m[Kstd[m[Kâ€™
[01m[K/usr/include/sdformat-9.8/sdf/Param.hh:83:47:[m[K [01;36m[Knote: [m[Kâ€˜[01m[Kstd::variant[m[Kâ€™ is only available from C++17 onwards
[01m[K/usr/include/sdformat-9.8/sdf/Param.hh:83:57:[m[K [01;31m[Kerror: [m[Kexpected parameter pack before â€˜[01m[K...[m[Kâ€™
   83 |                            ParamStreamer<std::variant<Ts[01;31m[K...[m[K>> sv)
      |                                                         [01;31m[K^~~[m[K
[01m[K/usr/include/sdformat-9.8/sdf/Param.hh:83:60:[m[K [01;31m[Kerror: [m[Ktemplate argument 1 is invalid
   83 |                            ParamStreamer<std::variant<Ts...[01;31m[K>>[m[K sv)
      |                                                            [01;31m[K^~[m[K
[01m[K/usr/include/sdformat-9.8/sdf/Param.hh:83:47:[m[K [01;31m[Kerror: [m[Kâ€˜[01m[Kvariant[m[Kâ€™ is not a member of â€˜[01m[Kstd[m[Kâ€™
   83 |                            ParamStreamer<std::[01;31m[Kvariant[m[K<Ts...>> sv)
      |                                               [01;31m[K^~~~~~~[m[K
[01m[K/usr/include/sdformat-9.8/sdf/Param.hh:83:47:[m[K [01;36m[Knote: [m[Kâ€˜[01m[Kstd::variant[m[Kâ€™ is only available from C++17 onwards
[01m[K/usr/include/sdformat-9.8/sdf/Param.hh:83:47:[m[K [01;31m[Kerror: [m[Kâ€˜[01m[Kvariant[m[Kâ€™ is not a member of â€˜[01m[Kstd[m[Kâ€™
[01m[K/usr/include/sdformat-9.8/sdf/Param.hh:83:47:[m[K [01;36m[Knote: [m[Kâ€˜[01m[Kstd::variant[m[Kâ€™ is only available from C++17 onwards
[01m[K/usr/include/sdformat-9.8/sdf/Param.hh:83:57:[m[K [01;31m[Kerror: [m[Kexpected parameter pack before â€˜[01m[K...[m[Kâ€™
   83 |                            ParamStreamer<std::variant<Ts[01;31m[K...[m[K>> sv)
      |                                                         [01;31m[K^~~[m[K
[01m[K/usr/include/sdformat-9.8/sdf/Param.hh:83:60:[m[K [01;31m[Kerror: [m[Ktemplate argument 1 is invalid
   83 |                            ParamStreamer<std::variant<Ts...[01;31m[K>>[m[K sv)
      |                                                            [01;31m[K^~[m[K
[01m[K/usr/include/sdformat-9.8/sdf/Param.hh:83:28:[m[K [01;31m[Kerror: [m[Kâ€˜[01m[KParamStreamer[m[Kâ€™ is not a type
   83 |                            [01;31m[KParamStreamer[m[K<std::variant<Ts...>> sv)
      |                            [01;31m[K^~~~~~~~~~~~~[m[K
[01m[K/usr/include/sdformat-9.8/sdf/Param.hh:83:41:[m[K [01;31m[Kerror: [m[Kexpected â€˜[01m[K,[m[Kâ€™ or â€˜[01m[K...[m[Kâ€™ before â€˜[01m[K<[m[Kâ€™ token
   83 |                            ParamStreamer[01;31m[K<[m[Kstd::variant<Ts...>> sv)
      |                                         [01;31m[K^[m[K
[01m[K/usr/include/sdformat-9.8/sdf/Param.hh:[m[K In function â€˜[01m[Kstd::ostream& sdf::v9::operator<<(std::ostream&, int)[m[Kâ€™:
[01m[K/usr/include/sdformat-9.8/sdf/Param.hh:85:10:[m[K [01;31m[Kerror: [m[Kâ€˜[01m[Kvisit[m[Kâ€™ is not a member of â€˜[01m[Kstd[m[Kâ€™
   85 |     std::[01;31m[Kvisit[m[K([&os](auto const &v)
      |          [01;31m[K^~~~~[m[K
[01m[K/usr/include/sdformat-9.8/sdf/Param.hh:85:10:[m[K [01;36m[Knote: [m[Kâ€˜[01m[Kstd::visit[m[Kâ€™ is only available from C++17 onwards
[01m[K/usr/include/sdformat-9.8/sdf/Param.hh:[m[K In lambda function:
[01m[K/usr/include/sdformat-9.8/sdf/Param.hh:87:28:[m[K [01;31m[Kerror: [m[Kmissing template arguments before â€˜[01m[K{[m[Kâ€™ token
   87 |         os << ParamStreamer[01;31m[K{[m[Kv};
      |                            [01;31m[K^[m[K
[01m[K/usr/include/sdformat-9.8/sdf/Param.hh:[m[K In function â€˜[01m[Kstd::ostream& sdf::v9::operator<<(std::ostream&, int)[m[Kâ€™:
[01m[K/usr/include/sdformat-9.8/sdf/Param.hh:88:10:[m[K [01;31m[Kerror: [m[Kâ€˜[01m[Ksv[m[Kâ€™ was not declared in this scope
   88 |       }, [01;31m[Ksv[m[K.val);
      |          [01;31m[K^~[m[K
[01m[K/usr/include/sdformat-9.8/sdf/Param.hh:[m[K At global scope:
[01m[K/usr/include/sdformat-9.8/sdf/Param.hh:173:30:[m[K [01;31m[Kerror: [m[Kâ€˜[01m[Kstd::any[m[Kâ€™ has not been declared
  173 |     public: bool GetAny(std::[01;31m[Kany[m[K &_anyVal) const;
      |                              [01;31m[K^~~[m[K
[01m[K/usr/include/sdformat-9.8/sdf/Param.hh:243:32:[m[K [01;31m[Kerror: [m[Kâ€˜[01m[Kany[m[Kâ€™ is not a member of â€˜[01m[Kstd[m[Kâ€™
  243 |     public: std::function<std::[01;31m[Kany[m[K ()> updateFunc;
      |                                [01;31m[K^~~[m[K
[01m[K/usr/include/sdformat-9.8/sdf/Param.hh:243:32:[m[K [01;36m[Knote: [m[Kâ€˜[01m[Kstd::any[m[Kâ€™ is only available from C++17 onwards
[01m[K/usr/include/sdformat-9.8/sdf/Param.hh:243:32:[m[K [01;31m[Kerror: [m[Kâ€˜[01m[Kany[m[Kâ€™ is not a member of â€˜[01m[Kstd[m[Kâ€™
[01m[K/usr/include/sdformat-9.8/sdf/Param.hh:243:32:[m[K [01;36m[Knote: [m[Kâ€˜[01m[Kstd::any[m[Kâ€™ is only available from C++17 onwards
[01m[K/usr/include/sdformat-9.8/sdf/Param.hh:243:38:[m[K [01;31m[Kerror: [m[Ktemplate argument 1 is invalid
  243 |     public: std::function<std::any ()[01;31m[K>[m[K updateFunc;
      |                                      [01;31m[K^[m[K
[01m[K/usr/include/sdformat-9.8/sdf/Param.hh:249:26:[m[K [01;31m[Kerror: [m[Kâ€˜[01m[Kvariant[m[Kâ€™ in namespace â€˜[01m[Kstd[m[Kâ€™ does not name a template type
  249 |     public: typedef std::[01;31m[Kvariant[m[K<bool, char, std::string, int, std::uint64_t,
      |                          [01;31m[K^~~~~~~[m[K
[01m[K/usr/include/sdformat-9.8/sdf/Param.hh:249:21:[m[K [01;36m[Knote: [m[Kâ€˜[01m[Kstd::variant[m[Kâ€™ is only available from C++17 onwards
  249 |     public: typedef [01;36m[Kstd[m[K::variant<bool, char, std::string, int, std::uint64_t,
      |                     [01;36m[K^~~[m[K
[01m[K/usr/include/sdformat-9.8/sdf/Param.hh:260:13:[m[K [01;31m[Kerror: [m[Kâ€˜[01m[KParamVariant[m[Kâ€™ does not name a type
  260 |     public: [01;31m[KParamVariant[m[K value;
      |             [01;31m[K^~~~~~~~~~~~[m[K
[01m[K/usr/include/sdformat-9.8/sdf/Param.hh:263:13:[m[K [01;31m[Kerror: [m[Kâ€˜[01m[KParamVariant[m[Kâ€™ does not name a type
  263 |     public: [01;31m[KParamVariant[m[K defaultValue;
      |             [01;31m[K^~~~~~~~~~~~[m[K
[01m[K/usr/include/sdformat-9.8/sdf/Param.hh:273:37:[m[K [01;31m[Kerror: [m[Kâ€˜[01m[KParamVariant[m[Kâ€™ has not been declared
  273 |                                     [01;31m[KParamVariant[m[K &_valueToSet) const;
      |                                     [01;31m[K^~~~~~~~~~~~[m[K
[01m[K/usr/include/sdformat-9.8/sdf/Param.hh:[m[K In member function â€˜[01m[Kstd::string sdf::v9::ParamPrivate::TypeToString() const[m[Kâ€™:
[01m[K/usr/include/sdformat-9.8/sdf/Param.hh:286:8:[m[K [01;35m[Kwarning: [m[Kâ€˜[01m[Kif constexpr[m[Kâ€™ only available with â€˜[01m[K-std=c++17[m[Kâ€™ or â€˜[01m[K-std=gnu++17[m[Kâ€™
  286 |     if [01;35m[Kconstexpr[m[K (std::is_same_v<T, bool>)
      |        [01;35m[K^~~~~~~~~[m[K
[01m[K/usr/include/sdformat-9.8/sdf/Param.hh:286:24:[m[K [01;31m[Kerror: [m[Kâ€˜[01m[Kis_same_v[m[Kâ€™ is not a member of â€˜[01m[Kstd[m[Kâ€™; did you mean â€˜[01m[Kis_same[m[Kâ€™?
  286 |     if constexpr (std::[01;31m[Kis_same_v[m[K<T, bool>)
      |                        [01;31m[K^~~~~~~~~[m[K
      |                        [32m[Kis_same[m[K
[01m[K/usr/include/sdformat-9.8/sdf/Param.hh:286:35:[m[K [01;31m[Kerror: [m[Kexpected primary-expression before â€˜[01m[K,[m[Kâ€™ token
  286 |     if constexpr (std::is_same_v<T[01;31m[K,[m[K bool>)
      |                                   [01;31m[K^[m[K
[01m[K/usr/include/sdformat-9.8/sdf/Param.hh:286:37:[m[K [01;31m[Kerror: [m[Kexpected primary-expression before â€˜[01m[Kbool[m[Kâ€™
  286 |     if constexpr (std::is_same_v<T, [01;31m[Kbool[m[K>)
      |                                     [01;31m[K^~~~[m[K
[01m[K/usr/include/sdformat-9.8/sdf/Param.hh:286:36:[m[K [01;31m[Kerror: [m[Kexpected â€˜[01m[K)[m[Kâ€™ before â€˜[01m[Kbool[m[Kâ€™
  286 |     if constexpr [34m[K([m[Kstd::is_same_v<T,[01;31m[K [m[K[32m[Kbool[m[K>)
      |                  [34m[K~[m[K                 [01;31m[K^[m[K[32m[K~~~~[m[K
      |                                    [32m[K)[m[K
[01m[K/usr/include/sdformat-9.8/sdf/Param.hh:288:13:[m[K [01;35m[Kwarning: [m[Kâ€˜[01m[Kif constexpr[m[Kâ€™ only available with â€˜[01m[K-std=c++17[m[Kâ€™ or â€˜[01m[K-std=gnu++17[m[Kâ€™
  288 |     else if [01;35m[Kconstexpr[m[K (std::is_same_v<T, char>)
      |             [01;35m[K^~~~~~~~~[m[K
[01m[K/usr/include/sdformat-9.8/sdf/Param.hh:288:29:[m[K [01;31m[Kerror: [m[Kâ€˜[01m[Kis_same_v[m[Kâ€™ is not a member of â€˜[01m[Kstd[m[Kâ€™; did you mean â€˜[01m[Kis_same[m[Kâ€™?
  288 |     else if constexpr (std::[01;31m[Kis_same_v[m[K<T, char>)
      |                             [01;31m[K^~~~~~~~~[m[K
      |                             [32m[Kis_same[m[K
[01m[K/usr/include/sdformat-9.8/sdf/Param.hh:288:40:[m[K [01;31m[Kerror: [m[Kexpected primary-expression before â€˜[01m[K,[m[Kâ€™ token
  288 |     else if constexpr (std::is_same_v<T[01;31m[K,[m[K char>)
      |                                        [01;31m[K^[m[K
[01m[K/usr/include/sdformat-9.8/sdf/Param.hh:288:42:[m[K [01;31m[Kerror: [m[Kexpected primary-expression before â€˜[01m[Kchar[m[Kâ€™
  288 |     else if constexpr (std::is_same_v<T, [01;31m[Kchar[m[K>)
      |                                          [01;31m[K^~~~[m[K
[01m[K/usr/include/sdformat-9.8/sdf/Param.hh:288:41:[m[K [01;31m[Kerror: [m[Kexpected â€˜[01m[K)[m[Kâ€™ before â€˜[01m[Kchar[m[Kâ€™
  288 |     else if constexpr [34m[K([m[Kstd::is_same_v<T,[01;31m[K [m[K[32m[Kchar[m[K>)
      |                       [34m[K~[m[K                 [01;31m[K^[m[K[32m[K~~~~[m[K
      |                                         [32m[K)[m[K
[01m[K/usr/include/sdformat-9.8/sdf/Param.hh:290:13:[m[K [01;35m[Kwarning: [m[Kâ€˜[01m[Kif constexpr[m[Kâ€™ only available with â€˜[01m[K-std=c++17[m[Kâ€™ or â€˜[01m[K-std=gnu++17[m[Kâ€™
  290 |     else if [01;35m[Kconstexpr[m[K (std::is_same_v<T, std::string>)
      |             [01;35m[K^~~~~~~~~[m[K
[01m[K/usr/include/sdformat-9.8/sdf/Param.hh:290:29:[m[K [01;31m[Kerror: [m[Kâ€˜[01m[Kis_same_v[m[Kâ€™ is not a member of â€˜[01m[Kstd[m[Kâ€™; did you mean â€˜[01m[Kis_same[m[Kâ€™?
  290 |     else if constexpr (std::[01;31m[Kis_same_v[m[K<T, std::string>)
      |                             [01;31m[K^~~~~~~~~[m[K
      |                             [32m[Kis_same[m[K
[01m[K/usr/include/sdformat-9.8/sdf/Param.hh:290:40:[m[K [01;31m[Kerror: [m[Kexpected primary-expression before â€˜[01m[K,[m[Kâ€™ token
  290 |     else if constexpr (std::is_same_v<T[01;31m[K,[m[K std::string>)
      |                                        [01;31m[K^[m[K
[01m[K/usr/include/sdformat-9.8/sdf/Param.hh:290:53:[m[K [01;31m[Kerror: [m[Kexpected primary-expression before â€˜[01m[K>[m[Kâ€™ token
  290 |     else if constexpr (std::is_same_v<T, std::string[01;31m[K>[m[K)
      |                                                     [01;31m[K^[m[K
[01m[K/usr/include/sdformat-9.8/sdf/Param.hh:290:54:[m[K [01;31m[Kerror: [m[Kexpected primary-expression before â€˜[01m[K)[m[Kâ€™ token
  290 |     else if constexpr (std::is_same_v<T, std::string>[01;31m[K)[m[K
      |                                                      [01;31m[K^[m[K
[01m[K/usr/include/sdformat-9.8/sdf/Param.hh:292:13:[m[K [01;35m[Kwarning: [m[Kâ€˜[01m[Kif constexpr[m[Kâ€™ only available with â€˜[01m[K-std=c++17[m[Kâ€™ or â€˜[01m[K-std=gnu++17[m[Kâ€™
  292 |     else if [01;35m[Kconstexpr[m[K (std::is_same_v<T, int>)
      |             [01;35m[K^~~~~~~~~[m[K
[01m[K/usr/include/sdformat-9.8/sdf/Param.hh:292:29:[m[K [01;31m[Kerror: [m[Kâ€˜[01m[Kis_same_v[m[Kâ€™ is not a member of â€˜[01m[Kstd[m[Kâ€™; did you mean â€˜[01m[Kis_same[m[Kâ€™?
  292 |     else if constexpr (std::[01;31m[Kis_same_v[m[K<T, int>)
      |                             [01;31m[K^~~~~~~~~[m[K
      |                             [32m[Kis_same[m[K
[01m[K/usr/include/sdformat-9.8/sdf/Param.hh:292:40:[m[K [01;31m[Kerror: [m[Kexpected primary-expression before â€˜[01m[K,[m[Kâ€™ token
  292 |     else if constexpr (std::is_same_v<T[01;31m[K,[m[K int>)
      |                                        [01;31m[K^[m[K
[01m[K/usr/include/sdformat-9.8/sdf/Param.hh:292:42:[m[K [01;31m[Kerror: [m[Kexpected primary-expression before â€˜[01m[Kint[m[Kâ€™
  292 |     else if constexpr (std::is_same_v<T, [01;31m[Kint[m[K>)
      |                                          [01;31m[K^~~[m[K
[01m[K/usr/include/sdformat-9.8/sdf/Param.hh:292:41:[m[K [01;31m[Kerror: [m[Kexpected â€˜[01m[K)[m[Kâ€™ before â€˜[01m[Kint[m[Kâ€™
  292 |     else if constexpr [34m[K([m[Kstd::is_same_v<T,[01;31m[K [m[K[32m[Kint[m[K>)
      |                       [34m[K~[m[K                 [01;31m[K^[m[K[32m[K~~~[m[K
      |                                         [32m[K)[m[K
[01m[K/usr/include/sdformat-9.8/sdf/Param.hh:294:13:[m[K [01;35m[Kwarning: [m[Kâ€˜[01m[Kif constexpr[m[Kâ€™ only available with â€˜[01m[K-std=c++17[m[Kâ€™ or â€˜[01m[K-std=gnu++17[m[Kâ€™
  294 |     else if [01;35m[Kconstexpr[m[K (std::is_same_v<T, std::uint64_t>)
      |             [01;35m[K^~~~~~~~~[m[K
[01m[K/usr/include/sdformat-9.8/sdf/Param.hh:294:29:[m[K [01;31m[Kerror: [m[Kâ€˜[01m[Kis_same_v[m[Kâ€™ is not a member of â€˜[01m[Kstd[m[Kâ€™; did you mean â€˜[01m[Kis_same[m[Kâ€™?
  294 |     else if constexpr (std::[01;31m[Kis_same_v[m[K<T, std::uint64_t>)
      |                             [01;31m[K^~~~~~~~~[m[K
      |                             [32m[Kis_same[m[K
[01m[K/usr/include/sdformat-9.8/sdf/Param.hh:294:40:[m[K [01;31m[Kerror: [m[Kexpected primary-expression before â€˜[01m[K,[m[Kâ€™ token
  294 |     else if constexpr (std::is_same_v<T[01;31m[K,[m[K std::uint64_t>)
      |                                        [01;31m[K^[m[K
[01m[K/usr/include/sdformat-9.8/sdf/Param.hh:294:55:[m[K [01;31m[Kerror: [m[Kexpected primary-expression before â€˜[01m[K>[m[Kâ€™ token
  294 |     else if constexpr (std::is_same_v<T, std::uint64_t[01;31m[K>[m[K)
      |                                                       [01;31m[K^[m[K
[01m[K/usr/include/sdformat-9.8/sdf/Param.hh:294:56:[m[K [01;31m[Kerror: [m[Kexpected primary-expression before â€˜[01m[K)[m[Kâ€™ token
  294 |     else if constexpr (std::is_same_v<T, std::uint64_t>[01;31m[K)[m[K
      |                                                        [01;31m[K^[m[K
[01m[K/usr/include/sdformat-9.8/sdf/Param.hh:296:13:[m[K [01;35m[Kwarning: [m[Kâ€˜[01m[Kif constexpr[m[Kâ€™ only available with â€˜[01m[K-std=c++17[m[Kâ€™ or â€˜[01m[K-std=gnu++17[m[Kâ€™
  296 |     else if [01;35m[Kconstexpr[m[K (std::is_same_v<T, unsigned int>)
      |             [01;35m[K^~~~~~~~~[m[K
[01m[K/usr/include/sdformat-9.8/sdf/Param.hh:296:29:[m[K [01;31m[Kerror: [m[Kâ€˜[01m[Kis_same_v[m[Kâ€™ is not a member of â€˜[01m[Kstd[m[Kâ€™; did you mean â€˜[01m[Kis_same[m[Kâ€™?
  296 |     else if constexpr (std::[01;31m[Kis_same_v[m[K<T, unsigned int>)
      |                             [01;31m[K^~~~~~~~~[m[K
      |                             [32m[Kis_same[m[K
[01m[K/usr/include/sdformat-9.8/sdf/Param.hh:296:40:[m[K [01;31m[Kerror: [m[Kexpected primary-expression before â€˜[01m[K,[m[Kâ€™ token
  296 |     else if constexpr (std::is_same_v<T[01;31m[K,[m[K unsigned int>)
      |                                        [01;31m[K^[m[K
[01m[K/usr/include/sdformat-9.8/sdf/Param.hh:296:42:[m[K [01;31m[Kerror: [m[Kexpected primary-expression before â€˜[01m[Kunsigned[m[Kâ€™
  296 |     else if constexpr (std::is_same_v<T, [01;31m[Kunsigned[m[K int>)
      |                                          [01;31m[K^~~~~~~~[m[K
[01m[K/usr/include/sdformat-9.8/sdf/Param.hh:296:41:[m[K [01;31m[Kerror: [m[Kexpected â€˜[01m[K)[m[Kâ€™ before â€˜[01m[Kunsigned[m[Kâ€™
  296 |     else if constexpr [34m[K([m[Kstd::is_same_v<T,[01;31m[K [m[K[32m[Kunsigned[m[K int>)
      |                       [34m[K~[m[K                 [01;31m[K^[m[K[32m[K~~~~~~~~[m[K
      |                                         [32m[K)[m[K
[01m[K/usr/include/sdformat-9.8/sdf/Param.hh:298:13:[m[K [01;35m[Kwarning: [m[Kâ€˜[01m[Kif constexpr[m[Kâ€™ only available with â€˜[01m[K-std=c++17[m[Kâ€™ or â€˜[01m[K-std=gnu++17[m[Kâ€™
  298 |     else if [01;35m[Kconstexpr[m[K (std::is_same_v<T, double>)
      |             [01;35m[K^~~~~~~~~[m[K
[01m[K/usr/include/sdformat-9.8/sdf/Param.hh:298:29:[m[K [01;31m[Kerror: [m[Kâ€˜[01m[Kis_same_v[m[Kâ€™ is not a member of â€˜[01m[Kstd[m[Kâ€™; did you mean â€˜[01m[Kis_same[m[Kâ€™?
  298 |     else if constexpr (std::[01;31m[Kis_same_v[m[K<T, double>)
      |                             [01;31m[K^~~~~~~~~[m[K
      |                             [32m[Kis_same[m[K
[01m[K/usr/include/sdformat-9.8/sdf/Param.hh:298:40:[m[K [01;31m[Kerror: [m[Kexpected primary-expression before â€˜[01m[K,[m[Kâ€™ token
  298 |     else if constexpr (std::is_same_v<T[01;31m[K,[m[K double>)
      |                                        [01;31m[K^[m[K
[01m[K/usr/include/sdformat-9.8/sdf/Param.hh:298:42:[m[K [01;31m[Kerror: [m[Kexpected primary-expression before â€˜[01m[Kdouble[m[Kâ€™
  298 |     else if constexpr (std::is_same_v<T, [01;31m[Kdouble[m[K>)
      |                                          [01;31m[K^~~~~~[m[K
[01m[K/usr/include/sdformat-9.8/sdf/Param.hh:298:41:[m[K [01;31m[Kerror: [m[Kexpected â€˜[01m[K)[m[Kâ€™ before â€˜[01m[Kdouble[m[Kâ€™
  298 |     else if constexpr [34m[K([m[Kstd::is_same_v<T,[01;31m[K [m[K[32m[Kdouble[m[K>)
      |                       [34m[K~[m[K                 [01;31m[K^[m[K[32m[K~~~~~~[m[K
      |                                         [32m[K)[m[K
[01m[K/usr/include/sdformat-9.8/sdf/Param.hh:300:13:[m[K [01;35m[Kwarning: [m[Kâ€˜[01m[Kif constexpr[m[Kâ€™ only available with â€˜[01m[K-std=c++17[m[Kâ€™ or â€˜[01m[K-std=gnu++17[m[Kâ€™
  300 |     else if [01;35m[Kconstexpr[m[K (std::is_same_v<T, float>)
      |             [01;35m[K^~~~~~~~~[m[K
[01m[K/usr/include/sdformat-9.8/sdf/Param.hh:300:29:[m[K [01;31m[Kerror: [m[Kâ€˜[01m[Kis_same_v[m[Kâ€™ is not a member of â€˜[01m[Kstd[m[Kâ€™; did you mean â€˜[01m[Kis_same[m[Kâ€™?
  300 |     else if constexpr (std::[01;31m[Kis_same_v[m[K<T, float>)
      |                             [01;31m[K^~~~~~~~~[m[K
      |                             [32m[Kis_same[m[K
[01m[K/usr/include/sdformat-9.8/sdf/Param.hh:300:40:[m[K [01;31m[Kerror: [m[Kexpected primary-expression before â€˜[01m[K,[m[Kâ€™ token
  300 |     else if constexpr (std::is_same_v<T[01;31m[K,[m[K float>)
      |                                        [01;31m[K^[m[K
[01m[K/usr/include/sdformat-9.8/sdf/Param.hh:300:42:[m[K [01;31m[Kerror: [m[Kexpected primary-expression before â€˜[01m[Kfloat[m[Kâ€™
  300 |     else if constexpr (std::is_same_v<T, [01;31m[Kfloat[m[K>)
      |                                          [01;31m[K^~~~~[m[K
[01m[K/usr/include/sdformat-9.8/sdf/Param.hh:300:41:[m[K [01;31m[Kerror: [m[Kexpected â€˜[01m[K)[m[Kâ€™ before â€˜[01m[Kfloat[m[Kâ€™
  300 |     else if constexpr [34m[K([m[Kstd::is_same_v<T,[01;31m[K [m[K[32m[Kfloat[m[K>)
      |                       [34m[K~[m[K                 [01;31m[K^[m[K[32m[K~~~~~[m[K
      |                                         [32m[K)[m[K
[01m[K/usr/include/sdformat-9.8/sdf/Param.hh:302:13:[m[K [01;35m[Kwarning: [m[Kâ€˜[01m[Kif constexpr[m[Kâ€™ only available with â€˜[01m[K-std=c++17[m[Kâ€™ or â€˜[01m[K-std=gnu++17[m[Kâ€™
  302 |     else if [01;35m[Kconstexpr[m[K (std::is_same_v<T, sdf::Time>)
      |             [01;35m[K^~~~~~~~~[m[K
[01m[K/usr/include/sdformat-9.8/sdf/Param.hh:302:29:[m[K [01;31m[Kerror: [m[Kâ€˜[01m[Kis_same_v[m[Kâ€™ is not a member of â€˜[01m[Kstd[m[Kâ€™; did you mean â€˜[01m[Kis_same[m[Kâ€™?
  302 |     else if constexpr (std::[01;31m[Kis_same_v[m[K<T, sdf::Time>)
      |                             [01;31m[K^~~~~~~~~[m[K
      |                             [32m[Kis_same[m[K
[01m[K/usr/include/sdformat-9.8/sdf/Param.hh:302:40:[m[K [01;31m[Kerror: [m[Kexpected primary-expression before â€˜[01m[K,[m[Kâ€™ token
  302 |     else if constexpr (std::is_same_v<T[01;31m[K,[m[K sdf::Time>)
      |                                        [01;31m[K^[m[K
[01m[K/usr/include/sdformat-9.8/sdf/Param.hh:302:51:[m[K [01;31m[Kerror: [m[Kexpected primary-expression before â€˜[01m[K>[m[Kâ€™ token
  302 |     else if constexpr (std::is_same_v<T, sdf::Time[01;31m[K>[m[K)
      |                                                   [01;31m[K^[m[K
[01m[K/usr/include/sdformat-9.8/sdf/Param.hh:302:52:[m[K [01;31m[Kerror: [m[Kexpected primary-expression before â€˜[01m[K)[m[Kâ€™ token
  302 |     else if constexpr (std::is_same_v<T, sdf::Time>[01;31m[K)[m[K
      |                                                    [01;31m[K^[m[K
[01m[K/usr/include/sdformat-9.8/sdf/Param.hh:304:13:[m[K [01;35m[Kwarning: [m[Kâ€˜[01m[Kif constexpr[m[Kâ€™ only available with â€˜[01m[K-std=c++17[m[Kâ€™ or â€˜[01m[K-std=gnu++17[m[Kâ€™
  304 |     else if [01;35m[Kconstexpr[m[K (std::is_same_v<T, ignition::math::Angle>)
      |             [01;35m[K^~~~~~~~~[m[K
[01m[K/usr/include/sdformat-9.8/sdf/Param.hh:304:29:[m[K [01;31m[Kerror: [m[Kâ€˜[01m[Kis_same_v[m[Kâ€™ is not a member of â€˜[01m[Kstd[m[Kâ€™; did you mean â€˜[01m[Kis_same[m[Kâ€™?
  304 |     else if constexpr (std::[01;31m[Kis_same_v[m[K<T, ignition::math::Angle>)
      |                             [01;31m[K^~~~~~~~~[m[K
      |                             [32m[Kis_same[m[K
[01m[K/usr/include/sdformat-9.8/sdf/Param.hh:304:40:[m[K [01;31m[Kerror: [m[Kexpected primary-expression before â€˜[01m[K,[m[Kâ€™ token
  304 |     else if constexpr (std::is_same_v<T[01;31m[K,[m[K ignition::math::Angle>)
      |                                        [01;31m[K^[m[K
[01m[K/usr/include/sdformat-9.8/sdf/Param.hh:304:63:[m[K [01;31m[Kerror: [m[Kexpected primary-expression before â€˜[01m[K>[m[Kâ€™ token
  304 |     else if constexpr (std::is_same_v<T, ignition::math::Angle[01;31m[K>[m[K)
      |                                                               [01;31m[K^[m[K
[01m[K/usr/include/sdformat-9.8/sdf/Param.hh:304:64:[m[K [01;31m[Kerror: [m[Kexpected primary-expression before â€˜[01m[K)[m[Kâ€™ token
  304 |     else if constexpr (std::is_same_v<T, ignition::math::Angle>[01;31m[K)[m[K
      |                                                                [01;31m[K^[m[K
[01m[K/usr/include/sdformat-9.8/sdf/Param.hh:306:13:[m[K [01;35m[Kwarning: [m[Kâ€˜[01m[Kif constexpr[m[Kâ€™ only available with â€˜[01m[K-std=c++17[m[Kâ€™ or â€˜[01m[K-std=gnu++17[m[Kâ€™
  306 |     else if [01;35m[Kconstexpr[m[K (std::is_same_v<T, ignition::math::Color>)
      |             [01;35m[K^~~~~~~~~[m[K
[01m[K/usr/include/sdformat-9.8/sdf/Param.hh:306:29:[m[K [01;31m[Kerror: [m[Kâ€˜[01m[Kis_same_v[m[Kâ€™ is not a member of â€˜[01m[Kstd[m[Kâ€™; did you mean â€˜[01m[Kis_same[m[Kâ€™?
  306 |     else if constexpr (std::[01;31m[Kis_same_v[m[K<T, ignition::math::Color>)
      |                             [01;31m[K^~~~~~~~~[m[K
      |                             [32m[Kis_same[m[K
[01m[K/usr/include/sdformat-9.8/sdf/Param.hh:306:40:[m[K [01;31m[Kerror: [m[Kexpected primary-expression before â€˜[01m[K,[m[Kâ€™ token
  306 |     else if constexpr (std::is_same_v<T[01;31m[K,[m[K ignition::math::Color>)
      |                                        [01;31m[K^[m[K
[01m[K/usr/include/sdformat-9.8/sdf/Param.hh:306:63:[m[K [01;31m[Kerror: [m[Kexpected primary-expression before â€˜[01m[K>[m[Kâ€™ token
  306 |     else if constexpr (std::is_same_v<T, ignition::math::Color[01;31m[K>[m[K)
      |                                                               [01;31m[K^[m[K
[01m[K/usr/include/sdformat-9.8/sdf/Param.hh:306:64:[m[K [01;31m[Kerror: [m[Kexpected primary-expression before â€˜[01m[K)[m[Kâ€™ token
  306 |     else if constexpr (std::is_same_v<T, ignition::math::Color>[01;31m[K)[m[K
      |                                                                [01;31m[K^[m[K
[01m[K/usr/include/sdformat-9.8/sdf/Param.hh:308:13:[m[K [01;35m[Kwarning: [m[Kâ€˜[01m[Kif constexpr[m[Kâ€™ only available with â€˜[01m[K-std=c++17[m[Kâ€™ or â€˜[01m[K-std=gnu++17[m[Kâ€™
  308 |     else if [01;35m[Kconstexpr[m[K (std::is_same_v<T, ignition::math::Vector2i>)
      |             [01;35m[K^~~~~~~~~[m[K
[01m[K/usr/include/sdformat-9.8/sdf/Param.hh:308:29:[m[K [01;31m[Kerror: [m[Kâ€˜[01m[Kis_same_v[m[Kâ€™ is not a member of â€˜[01m[Kstd[m[Kâ€™; did you mean â€˜[01m[Kis_same[m[Kâ€™?
  308 |     else if constexpr (std::[01;31m[Kis_same_v[m[K<T, ignition::math::Vector2i>)
      |                             [01;31m[K^~~~~~~~~[m[K
      |                             [32m[Kis_same[m[K
[01m[K/usr/include/sdformat-9.8/sdf/Param.hh:308:40:[m[K [01;31m[Kerror: [m[Kexpected primary-expression before â€˜[01m[K,[m[Kâ€™ token
  308 |     else if constexpr (std::is_same_v<T[01;31m[K,[m[K ignition::math::Vector2i>)
      |                                        [01;31m[K^[m[K
[01m[K/usr/include/sdformat-9.8/sdf/Param.hh:308:66:[m[K [01;31m[Kerror: [m[Kexpected primary-expression before â€˜[01m[K>[m[Kâ€™ token
  308 |     else if constexpr (std::is_same_v<T, ignition::math::Vector2i[01;31m[K>[m[K)
      |                                                                  [01;31m[K^[m[K
[01m[K/usr/include/sdformat-9.8/sdf/Param.hh:308:67:[m[K [01;31m[Kerror: [m[Kexpected primary-expression before â€˜[01m[K)[m[Kâ€™ token
  308 |     else if constexpr (std::is_same_v<T, ignition::math::Vector2i>[01;31m[K)[m[K
      |                                                                   [01;31m[K^[m[K
[01m[K/usr/include/sdformat-9.8/sdf/Param.hh:310:13:[m[K [01;35m[Kwarning: [m[Kâ€˜[01m[Kif constexpr[m[Kâ€™ only available with â€˜[01m[K-std=c++17[m[Kâ€™ or â€˜[01m[K-std=gnu++17[m[Kâ€™
  310 |     else if [01;35m[Kconstexpr[m[K (std::is_same_v<T, ignition::math::Vector2d>)
      |             [01;35m[K^~~~~~~~~[m[K
[01m[K/usr/include/sdformat-9.8/sdf/Param.hh:310:29:[m[K [01;31m[Kerror: [m[Kâ€˜[01m[Kis_same_v[m[Kâ€™ is not a member of â€˜[01m[Kstd[m[Kâ€™; did you mean â€˜[01m[Kis_same[m[Kâ€™?
  310 |     else if constexpr (std::[01;31m[Kis_same_v[m[K<T, ignition::math::Vector2d>)
      |                             [01;31m[K^~~~~~~~~[m[K
      |                             [32m[Kis_same[m[K
[01m[K/usr/include/sdformat-9.8/sdf/Param.hh:310:40:[m[K [01;31m[Kerror: [m[Kexpected primary-expression before â€˜[01m[K,[m[Kâ€™ token
  310 |     else if constexpr (std::is_same_v<T[01;31m[K,[m[K ignition::math::Vector2d>)
      |                                        [01;31m[K^[m[K
[01m[K/usr/include/sdformat-9.8/sdf/Param.hh:310:66:[m[K [01;31m[Kerror: [m[Kexpected primary-expression before â€˜[01m[K>[m[Kâ€™ token
  310 |     else if constexpr (std::is_same_v<T, ignition::math::Vector2d[01;31m[K>[m[K)
      |                                                                  [01;31m[K^[m[K
[01m[K/usr/include/sdformat-9.8/sdf/Param.hh:310:67:[m[K [01;31m[Kerror: [m[Kexpected primary-expression before â€˜[01m[K)[m[Kâ€™ token
  310 |     else if constexpr (std::is_same_v<T, ignition::math::Vector2d>[01;31m[K)[m[K
      |                                                                   [01;31m[K^[m[K
[01m[K/usr/include/sdformat-9.8/sdf/Param.hh:312:13:[m[K [01;35m[Kwarning: [m[Kâ€˜[01m[Kif constexpr[m[Kâ€™ only available with â€˜[01m[K-std=c++17[m[Kâ€™ or â€˜[01m[K-std=gnu++17[m[Kâ€™
  312 |     else if [01;35m[Kconstexpr[m[K (std::is_same_v<T, ignition::math::Vector3d>)
      |             [01;35m[K^~~~~~~~~[m[K
[01m[K/usr/include/sdformat-9.8/sdf/Param.hh:312:29:[m[K [01;31m[Kerror: [m[Kâ€˜[01m[Kis_same_v[m[Kâ€™ is not a member of â€˜[01m[Kstd[m[Kâ€™; did you mean â€˜[01m[Kis_same[m[Kâ€™?
  312 |     else if constexpr (std::[01;31m[Kis_same_v[m[K<T, ignition::math::Vector3d>)
      |                             [01;31m[K^~~~~~~~~[m[K
      |                             [32m[Kis_same[m[K
[01m[K/usr/include/sdformat-9.8/sdf/Param.hh:312:40:[m[K [01;31m[Kerror: [m[Kexpected primary-expression before â€˜[01m[K,[m[Kâ€™ token
  312 |     else if constexpr (std::is_same_v<T[01;31m[K,[m[K ignition::math::Vector3d>)
      |                                        [01;31m[K^[m[K
[01m[K/usr/include/sdformat-9.8/sdf/Param.hh:312:66:[m[K [01;31m[Kerror: [m[Kexpected primary-expression before â€˜[01m[K>[m[Kâ€™ token
  312 |     else if constexpr (std::is_same_v<T, ignition::math::Vector3d[01;31m[K>[m[K)
      |                                                                  [01;31m[K^[m[K
[01m[K/usr/include/sdformat-9.8/sdf/Param.hh:312:67:[m[K [01;31m[Kerror: [m[Kexpected primary-expression before â€˜[01m[K)[m[Kâ€™ token
  312 |     else if constexpr (std::is_same_v<T, ignition::math::Vector3d>[01;31m[K)[m[K
      |                                                                   [01;31m[K^[m[K
[01m[K/usr/include/sdformat-9.8/sdf/Param.hh:314:13:[m[K [01;35m[Kwarning: [m[Kâ€˜[01m[Kif constexpr[m[Kâ€™ only available with â€˜[01m[K-std=c++17[m[Kâ€™ or â€˜[01m[K-std=gnu++17[m[Kâ€™
  314 |     else if [01;35m[Kconstexpr[m[K (std::is_same_v<T, ignition::math::Quaterniond>)
      |             [01;35m[K^~~~~~~~~[m[K
[01m[K/usr/include/sdformat-9.8/sdf/Param.hh:314:29:[m[K [01;31m[Kerror: [m[Kâ€˜[01m[Kis_same_v[m[Kâ€™ is not a member of â€˜[01m[Kstd[m[Kâ€™; did you mean â€˜[01m[Kis_same[m[Kâ€™?
  314 |     else if constexpr (std::[01;31m[Kis_same_v[m[K<T, ignition::math::Quaterniond>)
      |                             [01;31m[K^~~~~~~~~[m[K
      |                             [32m[Kis_same[m[K
[01m[K/usr/include/sdformat-9.8/sdf/Param.hh:314:40:[m[K [01;31m[Kerror: [m[Kexpected primary-expression before â€˜[01m[K,[m[Kâ€™ token
  314 |     else if constexpr (std::is_same_v<T[01;31m[K,[m[K ignition::math::Quaterniond>)
      |                                        [01;31m[K^[m[K
[01m[K/usr/include/sdformat-9.8/sdf/Param.hh:314:69:[m[K [01;31m[Kerror: [m[Kexpected primary-expression before â€˜[01m[K>[m[Kâ€™ token
  314 |     else if constexpr (std::is_same_v<T, ignition::math::Quaterniond[01;31m[K>[m[K)
      |                                                                     [01;31m[K^[m[K
[01m[K/usr/include/sdformat-9.8/sdf/Param.hh:314:70:[m[K [01;31m[Kerror: [m[Kexpected primary-expression before â€˜[01m[K)[m[Kâ€™ token
  314 |     else if constexpr (std::is_same_v<T, ignition::math::Quaterniond>[01;31m[K)[m[K
      |                                                                      [01;31m[K^[m[K
[01m[K/usr/include/sdformat-9.8/sdf/Param.hh:316:13:[m[K [01;35m[Kwarning: [m[Kâ€˜[01m[Kif constexpr[m[Kâ€™ only available with â€˜[01m[K-std=c++17[m[Kâ€™ or â€˜[01m[K-std=gnu++17[m[Kâ€™
  316 |     else if [01;35m[Kconstexpr[m[K (std::is_same_v<T, ignition::math::Pose3d>)
      |             [01;35m[K^~~~~~~~~[m[K
[01m[K/usr/include/sdformat-9.8/sdf/Param.hh:316:29:[m[K [01;31m[Kerror: [m[Kâ€˜[01m[Kis_same_v[m[Kâ€™ is not a member of â€˜[01m[Kstd[m[Kâ€™; did you mean â€˜[01m[Kis_same[m[Kâ€™?
  316 |     else if constexpr (std::[01;31m[Kis_same_v[m[K<T, ignition::math::Pose3d>)
      |                             [01;31m[K^~~~~~~~~[m[K
      |                             [32m[Kis_same[m[K
[01m[K/usr/include/sdformat-9.8/sdf/Param.hh:316:40:[m[K [01;31m[Kerror: [m[Kexpected primary-expression before â€˜[01m[K,[m[Kâ€™ token
  316 |     else if constexpr (std::is_same_v<T[01;31m[K,[m[K ignition::math::Pose3d>)
      |                                        [01;31m[K^[m[K
[01m[K/usr/include/sdformat-9.8/sdf/Param.hh:316:64:[m[K [01;31m[Kerror: [m[Kexpected primary-expression before â€˜[01m[K>[m[Kâ€™ token
  316 |     else if constexpr (std::is_same_v<T, ignition::math::Pose3d[01;31m[K>[m[K)
      |                                                                [01;31m[K^[m[K
[01m[K/usr/include/sdformat-9.8/sdf/Param.hh:316:65:[m[K [01;31m[Kerror: [m[Kexpected primary-expression before â€˜[01m[K)[m[Kâ€™ token
  316 |     else if constexpr (std::is_same_v<T, ignition::math::Pose3d>[01;31m[K)[m[K
      |                                                                 [01;31m[K^[m[K
[01m[K/usr/include/sdformat-9.8/sdf/Param.hh:[m[K In member function â€˜[01m[Kbool sdf::v9::Param::Get(T&) const[m[Kâ€™:
[01m[K/usr/include/sdformat-9.8/sdf/Param.hh:353:21:[m[K [01;31m[Kerror: [m[Kâ€˜[01m[Kget_if[m[Kâ€™ is not a member of â€˜[01m[Kstd[m[Kâ€™; did you mean â€˜[01m[Kget_time[m[Kâ€™?
  353 |     T *value = std::[01;31m[Kget_if[m[K<T>(&this->dataPtr->value);
      |                     [01;31m[K^~~~~~[m[K
      |                     [32m[Kget_time[m[K
[01m[K/usr/include/sdformat-9.8/sdf/Param.hh:353:29:[m[K [01;31m[Kerror: [m[Kexpected primary-expression before â€˜[01m[K>[m[Kâ€™ token
  353 |     T *value = std::get_if<T[01;31m[K>[m[K(&this->dataPtr->value);
      |                             [01;31m[K^[m[K
[01m[K/usr/include/sdformat-9.8/sdf/Param.hh:353:47:[m[K [01;31m[Kerror: [m[Kâ€˜[01m[Kclass sdf::v9::ParamPrivate[m[Kâ€™ has no member named â€˜[01m[Kvalue[m[Kâ€™
  353 |     T *value = std::get_if<T>(&this->dataPtr->[01;31m[Kvalue[m[K);
      |                                               [01;31m[K^~~~~[m[K
[01m[K/usr/include/sdformat-9.8/sdf/Param.hh:368:21:[m[K [01;31m[Kerror: [m[Kâ€˜[01m[KParamVariant[m[Kâ€™ is not a member of â€˜[01m[Ksdf::v9::ParamPrivate[m[Kâ€™
  368 |       ParamPrivate::[01;31m[KParamVariant[m[K pv;
      |                     [01;31m[K^~~~~~~~~~~~[m[K
[01m[K/usr/include/sdformat-9.8/sdf/Param.hh:369:76:[m[K [01;31m[Kerror: [m[Kâ€˜[01m[Kpv[m[Kâ€™ was not declared in this scope
  369 |       bool success = this->dataPtr->ValueFromStringImpl(typeStr, valueStr, [01;31m[Kpv[m[K);
      |                                                                            [01;31m[K^~[m[K
[01m[K/usr/include/sdformat-9.8/sdf/Param.hh:[m[K In member function â€˜[01m[Kbool sdf::v9::Param::GetDefault(T&) const[m[Kâ€™:
[01m[K/usr/include/sdformat-9.8/sdf/Param.hh:406:26:[m[K [01;31m[Kerror: [m[Kmissing template arguments before â€˜[01m[K{[m[Kâ€™ token
  406 |       ss << ParamStreamer[01;31m[K{[m[Kthis->dataPtr->defaultValue};
      |                          [01;31m[K^[m[K
[01m[K/usr/include/sdformat-9.8/sdf/Param.hh:[m[K In member function â€˜[01m[Kbool sdf::v9::Param::IsType() const[m[Kâ€™:
[01m[K/usr/include/sdformat-9.8/sdf/Param.hh:426:17:[m[K [01;31m[Kerror: [m[Kâ€˜[01m[Kholds_alternative[m[Kâ€™ is not a member of â€˜[01m[Kstd[m[Kâ€™
  426 |     return std::[01;31m[Kholds_alternative[m[K<Type>(this->dataPtr->value);
      |                 [01;31m[K^~~~~~~~~~~~~~~~~[m[K
[01m[K/usr/include/sdformat-9.8/sdf/Param.hh:426:39:[m[K [01;31m[Kerror: [m[Kexpected primary-expression before â€˜[01m[K>[m[Kâ€™ token
  426 |     return std::holds_alternative<Type[01;31m[K>[m[K(this->dataPtr->value);
      |                                       [01;31m[K^[m[K
[01m[K/usr/include/sdformat-9.8/sdf/Param.hh:426:56:[m[K [01;31m[Kerror: [m[Kâ€˜[01m[Kclass sdf::v9::ParamPrivate[m[Kâ€™ has no member named â€˜[01m[Kvalue[m[Kâ€™
  426 |     return std::holds_alternative<Type>(this->dataPtr->[01;31m[Kvalue[m[K);
      |                                                        [01;31m[K^~~~~[m[K
In file included from [01m[K/usr/include/sdformat-9.8/sdf/Actor.hh:25[m[K,
                 from [01m[K/usr/include/sdformat-9.8/sdf/sdf.hh:2[m[K,
                 from [01m[K/usr/include/gazebo-11/gazebo/common/Battery.hh:25[m[K,
                 from [01m[K/usr/include/gazebo-11/gazebo/common/common.hh:8[m[K,
                 from [01m[K/usr/include/gazebo-11/gazebo/gazebo_core.hh:19[m[K,
                 from [01m[K/usr/include/gazebo-11/gazebo/gazebo.hh:20[m[K,
                 from [01m[K/home/leoo/Documents/GitHub/ROS_2_TurtleBot_perception_project/enpm673_final_proj/src/animated_box.cpp:22[m[K:
[01m[K/usr/include/sdformat-9.8/sdf/Element.hh:[m[K At global scope:
[01m[K/usr/include/sdformat-9.8/sdf/Element.hh:279:18:[m[K [01;31m[Kerror: [m[Kâ€˜[01m[Kany[m[Kâ€™ in namespace â€˜[01m[Kstd[m[Kâ€™ does not name a type
  279 |     public: std::[01;31m[Kany[m[K GetAny(const std::string &_key = "") const;
      |                  [01;31m[K^~~[m[K
[01m[K/usr/include/sdformat-9.8/sdf/Element.hh:279:13:[m[K [01;36m[Knote: [m[Kâ€˜[01m[Kstd::any[m[Kâ€™ is only available from C++17 onwards
  279 |     public: [01;36m[Kstd[m[K::any GetAny(const std::string &_key = "") const;
      |             [01;36m[K^~~[m[K
In file included from [01m[K/usr/include/ignition/transport8/ignition/transport/Node.hh:42[m[K,
                 from [01m[K/usr/include/gazebo-11/gazebo/physics/Entity.hh:25[m[K,
                 from [01m[K/usr/include/gazebo-11/gazebo/physics/Model.hh:30[m[K,
                 from [01m[K/usr/include/gazebo-11/gazebo/physics/Actor.hh:27[m[K,
                 from [01m[K/usr/include/gazebo-11/gazebo/physics/physics.hh:2[m[K,
                 from [01m[K/home/leoo/Documents/GitHub/ROS_2_TurtleBot_perception_project/enpm673_final_proj/src/animated_box.cpp:24[m[K:
[01m[K/usr/include/ignition/transport8/ignition/transport/NodeShared.hh:298:20:[m[K [01;31m[Kerror: [m[Kâ€˜[01m[Koptional[m[Kâ€™ in namespace â€˜[01m[Kstd[m[Kâ€™ does not name a template type
  298 |       public: std::[01;31m[Koptional[m[K<TopicStatistics> TopicStats(
      |                    [01;31m[K^~~~~~~~[m[K
[01m[K/usr/include/ignition/transport8/ignition/transport/NodeShared.hh:298:15:[m[K [01;36m[Knote: [m[Kâ€˜[01m[Kstd::optional[m[Kâ€™ is only available from C++17 onwards
  298 |       public: [01;36m[Kstd[m[K::optional<TopicStatistics> TopicStats(
      |               [01;36m[K^~~[m[K
In file included from [01m[K/usr/include/gazebo-11/gazebo/physics/Entity.hh:25[m[K,
                 from [01m[K/usr/include/gazebo-11/gazebo/physics/Model.hh:30[m[K,
                 from [01m[K/usr/include/gazebo-11/gazebo/physics/Actor.hh:27[m[K,
                 from [01m[K/usr/include/gazebo-11/gazebo/physics/physics.hh:2[m[K,
                 from [01m[K/home/leoo/Documents/GitHub/ROS_2_TurtleBot_perception_project/enpm673_final_proj/src/animated_box.cpp:24[m[K:
[01m[K/usr/include/ignition/transport8/ignition/transport/Node.hh:740:20:[m[K [01;31m[Kerror: [m[Kâ€˜[01m[Koptional[m[Kâ€™ in namespace â€˜[01m[Kstd[m[Kâ€™ does not name a template type
  740 |       public: std::[01;31m[Koptional[m[K<TopicStatistics> TopicStats(
      |                    [01;31m[K^~~~~~~~[m[K
[01m[K/usr/include/ignition/transport8/ignition/transport/Node.hh:740:15:[m[K [01;36m[Knote: [m[Kâ€˜[01m[Kstd::optional[m[Kâ€™ is only available from C++17 onwards
  740 |       public: [01;36m[Kstd[m[K::optional<TopicStatistics> TopicStats(
      |               [01;36m[K^~~[m[K
In file included from [01m[K/usr/include/gazebo-11/gazebo/physics/Entity.hh:35[m[K,
                 from [01m[K/usr/include/gazebo-11/gazebo/physics/Model.hh:30[m[K,
                 from [01m[K/usr/include/gazebo-11/gazebo/physics/Actor.hh:27[m[K,
                 from [01m[K/usr/include/gazebo-11/gazebo/physics/physics.hh:2[m[K,
                 from [01m[K/home/leoo/Documents/GitHub/ROS_2_TurtleBot_perception_project/enpm673_final_proj/src/animated_box.cpp:24[m[K:
[01m[K/usr/include/gazebo-11/gazebo/physics/Base.hh:342:28:[m[K [01;31m[Kerror: [m[Kâ€˜[01m[Koptional[m[Kâ€™ in namespace â€˜[01m[Kstd[m[Kâ€™ does not name a template type
  342 |       public: virtual std::[01;31m[Koptional[m[K<sdf::SemanticPose> SDFSemanticPose() const;
      |                            [01;31m[K^~~~~~~~[m[K
[01m[K/usr/include/gazebo-11/gazebo/physics/Base.hh:342:23:[m[K [01;36m[Knote: [m[Kâ€˜[01m[Kstd::optional[m[Kâ€™ is only available from C++17 onwards
  342 |       public: virtual [01;36m[Kstd[m[K::optional<sdf::SemanticPose> SDFSemanticPose() const;
      |                       [01;36m[K^~~[m[K
In file included from [01m[K/usr/include/gazebo-11/gazebo/physics/Actor.hh:27[m[K,
                 from [01m[K/usr/include/gazebo-11/gazebo/physics/physics.hh:2[m[K,
                 from [01m[K/home/leoo/Documents/GitHub/ROS_2_TurtleBot_perception_project/enpm673_final_proj/src/animated_box.cpp:24[m[K:
[01m[K/usr/include/gazebo-11/gazebo/physics/Model.hh:486:20:[m[K [01;31m[Kerror: [m[Kâ€˜[01m[Koptional[m[Kâ€™ in namespace â€˜[01m[Kstd[m[Kâ€™ does not name a template type
  486 |       public: std::[01;31m[Koptional[m[K<sdf::SemanticPose> SDFSemanticPose() const override;
      |                    [01;31m[K^~~~~~~~[m[K
[01m[K/usr/include/gazebo-11/gazebo/physics/Model.hh:486:15:[m[K [01;36m[Knote: [m[Kâ€˜[01m[Kstd::optional[m[Kâ€™ is only available from C++17 onwards
  486 |       public: [01;36m[Kstd[m[K::optional<sdf::SemanticPose> SDFSemanticPose() const override;
      |               [01;36m[K^~~[m[K
In file included from [01m[K/usr/include/gazebo-11/gazebo/physics/BallJoint.hh:25[m[K,
                 from [01m[K/usr/include/gazebo-11/gazebo/physics/physics.hh:6[m[K,
                 from [01m[K/home/leoo/Documents/GitHub/ROS_2_TurtleBot_perception_project/enpm673_final_proj/src/animated_box.cpp:24[m[K:
[01m[K/usr/include/gazebo-11/gazebo/physics/Joint.hh:594:28:[m[K [01;31m[Kerror: [m[Kâ€˜[01m[Koptional[m[Kâ€™ in namespace â€˜[01m[Kstd[m[Kâ€™ does not name a template type
  594 |       public: virtual std::[01;31m[Koptional[m[K<sdf::SemanticPose> SDFSemanticPose()
      |                            [01;31m[K^~~~~~~~[m[K
[01m[K/usr/include/gazebo-11/gazebo/physics/Joint.hh:594:23:[m[K [01;36m[Knote: [m[Kâ€˜[01m[Kstd::optional[m[Kâ€™ is only available from C++17 onwards
  594 |       public: virtual [01;36m[Kstd[m[K::optional<sdf::SemanticPose> SDFSemanticPose()
      |                       [01;36m[K^~~[m[K
In file included from [01m[K/usr/include/gazebo-11/gazebo/physics/physics.hh:9[m[K,
                 from [01m[K/home/leoo/Documents/GitHub/ROS_2_TurtleBot_perception_project/enpm673_final_proj/src/animated_box.cpp:24[m[K:
[01m[K/usr/include/gazebo-11/gazebo/physics/Collision.hh:205:28:[m[K [01;31m[Kerror: [m[Kâ€˜[01m[Koptional[m[Kâ€™ in namespace â€˜[01m[Kstd[m[Kâ€™ does not name a template type
  205 |       public: virtual std::[01;31m[Koptional[m[K<sdf::SemanticPose> SDFSemanticPose()
      |                            [01;31m[K^~~~~~~~[m[K
[01m[K/usr/include/gazebo-11/gazebo/physics/Collision.hh:205:23:[m[K [01;36m[Knote: [m[Kâ€˜[01m[Kstd::optional[m[Kâ€™ is only available from C++17 onwards
  205 |       public: virtual [01;36m[Kstd[m[K::optional<sdf::SemanticPose> SDFSemanticPose()
      |                       [01;36m[K^~~[m[K
In file included from [01m[K/usr/include/gazebo-11/gazebo/physics/physics.hh:26[m[K,
                 from [01m[K/home/leoo/Documents/GitHub/ROS_2_TurtleBot_perception_project/enpm673_final_proj/src/animated_box.cpp:24[m[K:
[01m[K/usr/include/gazebo-11/gazebo/physics/Light.hh:78:20:[m[K [01;31m[Kerror: [m[Kâ€˜[01m[Koptional[m[Kâ€™ in namespace â€˜[01m[Kstd[m[Kâ€™ does not name a template type
   78 |       public: std::[01;31m[Koptional[m[K<sdf::SemanticPose> SDFSemanticPose() const override;
      |                    [01;31m[K^~~~~~~~[m[K
[01m[K/usr/include/gazebo-11/gazebo/physics/Light.hh:78:15:[m[K [01;36m[Knote: [m[Kâ€˜[01m[Kstd::optional[m[Kâ€™ is only available from C++17 onwards
   78 |       public: [01;36m[Kstd[m[K::optional<sdf::SemanticPose> SDFSemanticPose() const override;
      |               [01;36m[K^~~[m[K
In file included from [01m[K/usr/include/gazebo-11/gazebo/physics/physics.hh:28[m[K,
                 from [01m[K/home/leoo/Documents/GitHub/ROS_2_TurtleBot_perception_project/enpm673_final_proj/src/animated_box.cpp:24[m[K:
[01m[K/usr/include/gazebo-11/gazebo/physics/Link.hh:617:20:[m[K [01;31m[Kerror: [m[Kâ€˜[01m[Koptional[m[Kâ€™ in namespace â€˜[01m[Kstd[m[Kâ€™ does not name a template type
  617 |       public: std::[01;31m[Koptional[m[K<sdf::SemanticPose> SDFSemanticPose() const override;
      |                    [01;31m[K^~~~~~~~[m[K
[01m[K/usr/include/gazebo-11/gazebo/physics/Link.hh:617:15:[m[K [01;36m[Knote: [m[Kâ€˜[01m[Kstd::optional[m[Kâ€™ is only available from C++17 onwards
  617 |       public: [01;36m[Kstd[m[K::optional<sdf::SemanticPose> SDFSemanticPose() const override;
      |               [01;36m[K^~~[m[K
In file included from [01m[K/usr/include/gazebo-11/gazebo/physics/physics.hh:36[m[K,
                 from [01m[K/home/leoo/Documents/GitHub/ROS_2_TurtleBot_perception_project/enpm673_final_proj/src/animated_box.cpp:24[m[K:
[01m[K/usr/include/gazebo-11/gazebo/physics/PhysicsEngine.hh:[m[K In static member function â€˜[01m[Kstatic T gazebo::physics::PhysicsEngine::any_cast(const boost::any&)[m[Kâ€™:
[01m[K/usr/include/gazebo-11/gazebo/physics/PhysicsEngine.hh:274:45:[m[K [01;31m[Kerror: [m[Kâ€˜[01m[Kany[m[Kâ€™ is not a member of â€˜[01m[Kstd[m[Kâ€™
  274 |           auto value = boost::any_cast<std::[01;31m[Kany[m[K>(_value);
      |                                             [01;31m[K^~~[m[K
[01m[K/usr/include/gazebo-11/gazebo/physics/PhysicsEngine.hh:274:45:[m[K [01;36m[Knote: [m[Kâ€˜[01m[Kstd::any[m[Kâ€™ is only available from C++17 onwards
[01m[K/usr/include/gazebo-11/gazebo/physics/PhysicsEngine.hh:274:45:[m[K [01;31m[Kerror: [m[Kâ€˜[01m[Kany[m[Kâ€™ is not a member of â€˜[01m[Kstd[m[Kâ€™
[01m[K/usr/include/gazebo-11/gazebo/physics/PhysicsEngine.hh:274:45:[m[K [01;36m[Knote: [m[Kâ€˜[01m[Kstd::any[m[Kâ€™ is only available from C++17 onwards
[01m[K/usr/include/gazebo-11/gazebo/physics/PhysicsEngine.hh:275:23:[m[K [01;31m[Kerror: [m[Kâ€˜[01m[Kany_cast[m[Kâ€™ is not a member of â€˜[01m[Kstd[m[Kâ€™
  275 |           return std::[01;31m[Kany_cast[m[K<T>(value);
      |                       [01;31m[K^~~~~~~~[m[K
[01m[K/usr/include/gazebo-11/gazebo/physics/PhysicsEngine.hh:275:23:[m[K [01;36m[Knote: [m[Kâ€˜[01m[Kstd::any_cast[m[Kâ€™ is only available from C++17 onwards
[01m[K/usr/include/gazebo-11/gazebo/physics/PhysicsEngine.hh:275:33:[m[K [01;31m[Kerror: [m[Kexpected primary-expression before â€˜[01m[K>[m[Kâ€™ token
  275 |           return std::any_cast<T[01;31m[K>[m[K(value);
      |                                 [01;31m[K^[m[K
In file included from [01m[K/usr/include/sdformat-9.8/sdf/Element.hh:28[m[K,
                 from [01m[K/usr/include/sdformat-9.8/sdf/Actor.hh:25[m[K,
                 from [01m[K/usr/include/sdformat-9.8/sdf/sdf.hh:2[m[K,
                 from [01m[K/usr/include/gazebo-11/gazebo/common/Battery.hh:25[m[K,
                 from [01m[K/usr/include/gazebo-11/gazebo/common/common.hh:8[m[K,
                 from [01m[K/usr/include/gazebo-11/gazebo/gazebo_core.hh:19[m[K,
                 from [01m[K/usr/include/gazebo-11/gazebo/gazebo.hh:20[m[K,
                 from [01m[K/home/leoo/Documents/GitHub/ROS_2_TurtleBot_perception_project/enpm673_final_proj/src/animated_box.cpp:22[m[K:
[01m[K/usr/include/sdformat-9.8/sdf/Param.hh:[m[K In member function â€˜[01m[Kstd::string sdf::v9::ParamPrivate::TypeToString() const [with T = ignition::math::v6::Pose3<double>][m[Kâ€™:
[01m[K/usr/include/sdformat-9.8/sdf/Param.hh:320:3:[m[K [01;35m[Kwarning: [m[Kcontrol reaches end of non-void function [[01;35m[K-Wreturn-type[m[K]
  320 |   [01;35m[K}[m[K
      |   [01;35m[K^[m[K
[01m[K/usr/include/sdformat-9.8/sdf/Param.hh:[m[K In member function â€˜[01m[Kstd::string sdf::v9::ParamPrivate::TypeToString() const [with T = double][m[Kâ€™:
[01m[K/usr/include/sdformat-9.8/sdf/Param.hh:320:3:[m[K [01;35m[Kwarning: [m[Kcontrol reaches end of non-void function [[01;35m[K-Wreturn-type[m[K]
  320 |   [01;35m[K}[m[K
      |   [01;35m[K^[m[K
make[2]: *** [CMakeFiles/animated_box.dir/build.make:76: CMakeFiles/animated_box.dir/src/animated_box.cpp.o] Error 1
make[1]: *** [CMakeFiles/Makefile2:220: CMakeFiles/animated_box.dir/all] Error 2
make: *** [Makefile:146: all] Error 2
